[0.8667879063423506, 0.8535811625932711, 0.5291329251431958, 0.8348572589657625, 0.7889257165139404]
Avg. CV Score | random_forest Run 0: 0.77
[0.8337121519603864, 0.8466870619215429, 0.8103173577918443, 0.5882463954102816, 0.8253304938321212]
Avg. CV Score | random_forest Run 1: 0.78
[0.839354527938343, 0.833015807630915, 0.8405044160015114, 0.8789276324296367, 0.834190692666587]
Avg. CV Score | random_forest Run 2: 0.85
[0.8441745688460045, 0.858039376538146, 0.8506073920909796, 0.8188424604204516, 0.8322815146189487]
Avg. CV Score | random_forest Run 3: 0.84
[0.8489689669252756, 0.8667384627657453, 0.8751872009350915, 0.8413795652816797, 0.4972967691505993]
Avg. CV Score | random_forest Run 4: 0.79
[0.7984333205961024, 0.7934115019542155, 0.7965287463195413, 0.6004399722980405, 0.5952700186219739]
Avg. CV Score | random_forest Run 5: 0.72
[0.8039407731750878, 0.7739537324528797, 0.7961169657267635, 0.8061266167460858, 0.8266227736979826]
Avg. CV Score | random_forest Run 6: 0.80
[0.7084476618600035, 0.7188775253161368, 0.8136828644501278, 0.6381653454133636, 0.8223268565979258]
Avg. CV Score | random_forest Run 7: 0.74
[0.8711751341422149, 0.853678708482202, 0.9137859225322782, 0.7994835825497149, 0.8354118752227009]
Avg. CV Score | random_forest Run 8: 0.85
[0.47944464478903714, 0.8106446140797285, 0.8069826852114675, 0.8483726369128824, 0.6042568399317]
Avg. CV Score | random_forest Run 9: 0.71
[0.8181346661637118, 0.5766670960539311, 0.8352134743439091, 0.9047188796254466, 0.8339757488155465]
Avg. CV Score | random_forest Run 10: 0.79
[0.8419390040778818, 0.7580865389142615, 0.8318924111431316, 0.6676513104141789, 0.7600149059064655]
Avg. CV Score | random_forest Run 11: 0.77
[0.8026367961934973, 0.8189751726712712, 0.851778482127135, 0.5819015347817421, 0.5885420720790846]
Avg. CV Score | random_forest Run 12: 0.73
[0.8102493833927104, 0.7979925303454716, 0.8350448399237954, 0.8102134530958268, 0.8420746442316298]
Avg. CV Score | random_forest Run 13: 0.82
[0.831571072319202, 0.8014565778888089, 0.8379328528739673, 0.8331116304152436, 0.5232162309368191]
Avg. CV Score | random_forest Run 14: 0.77
[0.7913445864226745, 0.8409250934301035, 0.8421153846153846, 0.8698706286638367, 0.6717934880374168]
Avg. CV Score | random_forest Run 15: 0.80
[0.8005023489464627, 0.8172726853772063, 0.8452959807289111, 0.8424433402011877, 0.8338884923467365]
Avg. CV Score | random_forest Run 16: 0.83
[0.8545526925303996, 0.8623659221098766, 0.826580654896635, 0.4835702948228699, 0.8094193817878028]
Avg. CV Score | random_forest Run 17: 0.77
[0.8309358246191412, 0.5224846328049175, 0.7896718033172568, 0.8135211562630917, 0.5396521816483565]
Avg. CV Score | random_forest Run 18: 0.70
[0.8351830772149498, 0.8541155555555555, 0.8319264595394882, 0.8372179611289001, 0.8482666280668741]
Avg. CV Score | random_forest Run 19: 0.84
[0.8316427348175471, 0.5356173973921414, 0.8291617412756335, 0.8222197910398775, 0.8417067559088057]
Avg. CV Score | random_forest Run 20: 0.77
[0.8512469870628167, 0.7873941205779771, 0.8037942857142857, 0.8480359323903708, 0.6786295131735878]
Avg. CV Score | random_forest Run 21: 0.79
[0.8189398798763776, 0.7610601530431257, 0.7583132530120482, 0.5648476560830734, 0.541608763181558]
Avg. CV Score | random_forest Run 22: 0.69
[0.8454285592388754, 0.8229881410383533, 0.5134050770557577, 0.8026094276094277, 0.5213768755516328]
Avg. CV Score | random_forest Run 23: 0.70
[0.7791654106196977, 0.5748987854251012, 0.8227953410981698, 0.7251510731402375, 0.5970917300222436]
Avg. CV Score | random_forest Run 24: 0.70
[0.567349852146426, 0.8100564288593309, 0.8047675804529202, 0.7636984445287518, 0.6225115868461708]
Avg. CV Score | random_forest Run 25: 0.71
[0.8845006685179472, 0.8685879196813268, 0.8298596341982135, 0.862718455699761, 0.8764545679623669]
Avg. CV Score | random_forest Run 26: 0.86
[0.7519550958627649, 0.6069105870902093, 0.661621378845722, 0.5709451174653, 0.7429233144621719]
Avg. CV Score | random_forest Run 27: 0.67
[0.9030702617594961, 0.9010815348906119, 0.8904864399483426, 0.8469834606058413, 0.6821856892602075]
Avg. CV Score | random_forest Run 28: 0.84
[0.8533980582524272, 0.8467570595279484, 0.8233197556008147, 0.5351117095131905, 0.5531440718644998]
Avg. CV Score | random_forest Run 29: 0.72
[0.7804982613252036, 0.8172068923966743, 0.7980853296030774, 0.7375278534290666, 0.5162069076512055]
Avg. CV Score | random_forest Run 30: 0.73
[0.8494183541576906, 0.8006684565229303, 0.7768082127858142, 0.7928607805916941, 0.7891554122152792]
Avg. CV Score | random_forest Run 31: 0.80
[0.7673762864796279, 0.8030830830830831, 0.8321732092270336, 0.5798279642435487, 0.8117140195621798]
Avg. CV Score | random_forest Run 32: 0.76
[0.7850556969418833, 0.8388429752066116, 0.5015126663021687, 0.5745491490982982, 0.5938951987609705]
Avg. CV Score | random_forest Run 33: 0.66
[0.8302802745856563, 0.8432300825104829, 0.7714757265920619, 0.8538734286021274, 0.830858682083963]
Avg. CV Score | random_forest Run 34: 0.83
[0.8615775290215588, 0.8303978370027038, 0.8408033710939637, 0.8601478112563957, 0.8212665140746095]
Avg. CV Score | random_forest Run 35: 0.84
[0.8097637495840662, 0.8495540295208778, 0.8355325508493111, 0.652151778441488, 0.704159677960416]
Avg. CV Score | random_forest Run 36: 0.77
[0.8206256627783669, 0.8094154985453583, 0.6220705755589476, 0.8125678259521472, 0.7016042355001791]
Avg. CV Score | random_forest Run 37: 0.75
[0.8286597830074951, 0.6716072652501713, 0.8681875102085261, 0.8480626700440942, 0.8718675484770775]
Avg. CV Score | random_forest Run 38: 0.82
[0.8886896616807436, 0.4314392780666871, 0.8325475067866838, 0.8199230546477475, 0.4564915207117042]
Avg. CV Score | random_forest Run 39: 0.69
[0.8420794907369624, 0.8445061483538279, 0.8427638276213099, 0.8582823717096517, 0.6073385518590998]
Avg. CV Score | random_forest Run 40: 0.80
[0.8007833094825638, 0.8299512987012987, 0.8972394503222668, 0.5876074710939816, 0.6241379310344828]
Avg. CV Score | random_forest Run 41: 0.75
[0.823695080736012, 0.8294865951187171, 0.8685511332430156, 0.8362614443776732, 0.8295510044606519]
Avg. CV Score | random_forest Run 42: 0.84
[0.8848840831219685, 0.8697875505555297, 0.8093991671624033, 0.8731114062759422, 0.8417783589408303]
Avg. CV Score | random_forest Run 43: 0.86
[0.8199169677036717, 0.8045751890007442, 0.8254594242966335, 0.8553093145144649, 0.614195605461981]
Avg. CV Score | random_forest Run 44: 0.78
[0.6445966514459666, 0.7985049075553526, 0.8119253076814259, 0.8053691275167785, 0.7157660991857883]
Avg. CV Score | random_forest Run 45: 0.76
[0.8406846350580366, 0.8374082649817511, 0.8217595893340939, 0.8276581926145853, 0.6076715289032956]
Avg. CV Score | random_forest Run 46: 0.79
[0.8016787772488099, 0.7895104244229337, 0.7887089856315677, 0.8215009139864631, 0.5748390136642061]
Avg. CV Score | random_forest Run 47: 0.76
[0.7564228040127232, 0.8076013904982619, 0.585962882193244, 0.7823356427254149, 0.6769481780747416]
Avg. CV Score | random_forest Run 48: 0.72
[0.7910675901600192, 0.8019316265522, 0.6107863549007047, 0.8202186859318559, 0.5513773673501331]
Avg. CV Score | random_forest Run 49: 0.72
[0.9118105849582173, 0.8812953995157385, 0.7953980912537587, 0.8275542941757157, 0.6247544204322201]
Avg. CV Score | random_forest Run 50: 0.81
[0.8257789394043606, 0.6133800077790743, 0.8047677137338619, 0.8634512219352275, 0.84439164350399]
Avg. CV Score | random_forest Run 51: 0.79
[0.8559130680214507, 0.8773142254392027, 0.9147198720377152, 0.8636747445748544, 0.549277710274065]
Avg. CV Score | random_forest Run 52: 0.81
[0.7804076557573605, 0.8272853546314785, 0.7776631309587684, 0.8157882623705408, 0.5852705274605764]
Avg. CV Score | random_forest Run 53: 0.76
[0.858704590528709, 0.8340051142027478, 0.882730711709334, 0.8218728473601037, 0.8640663274919917]
Avg. CV Score | random_forest Run 54: 0.85
[0.611076540136901, 0.8643829509995542, 0.8378189829263815, 0.8576428596181169, 0.5984138878481329]
Avg. CV Score | random_forest Run 55: 0.75
[0.8287295597484277, 0.6276545942035153, 0.8123990306946688, 0.8185893880569421, 0.6332158662514342]
Avg. CV Score | random_forest Run 56: 0.74
[0.8322739266011033, 0.8059434135586993, 0.8062920730869625, 0.7800593868930618, 0.5043401500662057]