[0.6872018536186453, 0.8623448726322664, 0.829860527642413, 0.8432410086812733, 0.8732394366197183]
Avg. CV Score | random_forest Run 0: 0.82
[0.6843560277536861, 0.37319655045571587, 0.40088619402985076, 0.6044284494327193, 0.7552220331115581]
Avg. CV Score | random_forest Run 1: 0.56
[0.7764943288567253, 0.6810104529616725, 0.348635166190236, 0.545404485382459, 0.8015674394099052]
Avg. CV Score | random_forest Run 2: 0.63
[0.6872450580483213, 0.21100398831768363, 0.8920047963485862, 0.8753446800418371, 0.4387667500279945]
Avg. CV Score | random_forest Run 3: 0.62
[0.677136218914035, 0.6023498694516971, 0.7884917723509066, 0.6378062360801782, 0.3744260124932776]
Avg. CV Score | random_forest Run 4: 0.62
[0.7632954396968509, 0.8072436577208582, 0.8209905981741382, 0.7451200952822074, 0.6064670003127932]
Avg. CV Score | random_forest Run 5: 0.75
[0.7770077960648435, 0.7937653272967364, 0.806806621659114, 0.3862212155530389, 0.7625852811755682]
Avg. CV Score | random_forest Run 6: 0.71
[0.8675352877307275, 0.5203114266086558, 0.37547591708466793, 0.5241939161764035, 0.6160714285714286]
Avg. CV Score | random_forest Run 7: 0.58
[0.7461650953669996, 0.29833103410965944, 0.48343222881525433, 0.7488439737470167, 0.7461161606394636]
Avg. CV Score | random_forest Run 8: 0.60
[0.8831789229878402, 0.8026624279753626, 0.9228125364091809, 0.8971774193548387, 0.5623789645823472]
Avg. CV Score | random_forest Run 9: 0.81
[0.7755192222713213, 0.6125298848076505, 0.7576022879822565, 0.5926305632613678, 0.7632983301773111]
Avg. CV Score | random_forest Run 10: 0.70
[0.7466277561608301, 0.8229646017699115, 0.8858144391408115, 0.8102658568156925, 0.7764027732989358]
Avg. CV Score | random_forest Run 11: 0.81
[0.7832542792328315, 0.5266115027071202, 0.6137113528045949, 0.5110789731935333, 0.8198564894465192]
Avg. CV Score | random_forest Run 12: 0.65
[0.8812483699904373, 0.8316246988236405, 0.43646861612963306, 0.32505894390319856, 0.8078577296670372]
Avg. CV Score | random_forest Run 13: 0.66
[0.5427675148135239, 0.7638923811918532, 0.724454951405306, 0.6984787502558155, 0.7673483212667768]
Avg. CV Score | random_forest Run 14: 0.70
[0.7847268303472683, 0.7011785665341921, 0.8537228103086337, 0.8650986559908493, 0.8250649725671383]
Avg. CV Score | random_forest Run 15: 0.81
[0.7149333055439766, 0.412264909794308, 0.3641707024297363, 0.8264325935740311, 0.6258882950607858]
Avg. CV Score | random_forest Run 16: 0.59
[0.8729504442612439, 0.8595328625746876, 0.8402121166641653, 0.8572967538063775, 0.5691807764665641]
Avg. CV Score | random_forest Run 17: 0.80
[0.8968447891214278, 0.8497091944066328, 0.7465744653604814, 0.7667236589014746, 0.7113210148924435]
Avg. CV Score | random_forest Run 18: 0.79
[0.4664416089717915, 0.7696014924599679, 0.8722034801136364, 0.7106508469926617, 0.769787872294836]
Avg. CV Score | random_forest Run 19: 0.72
[0.7858675078864353, 0.8183582917359956, 0.8733072524826964, 0.816114061128068, 0.8238423130894494]
Avg. CV Score | random_forest Run 20: 0.82
[0.8085106382978723, 0.49028120374938333, 0.8623077928300736, 0.5089944416371905, 0.281588951278206]
Avg. CV Score | random_forest Run 21: 0.59
[0.7479436218932017, 0.8069824133728016, 0.3481544755653464, 0.7510055440808784, 0.3618099308278627]
Avg. CV Score | random_forest Run 22: 0.60
[0.7173171655930277, 0.5024672675833937, 0.3340356564019449, 0.5703216374269006, 0.3936406995230525]
Avg. CV Score | random_forest Run 23: 0.50
[0.44193177462629357, 0.6825681670903744, 0.6889287315105334, 0.6401030485186775, 0.3154351395730706]
Avg. CV Score | random_forest Run 24: 0.55
[0.7991753994159079, 0.8399853341713807, 0.803691766774099, 0.7645120136083351, 0.8063468530481133]
Avg. CV Score | random_forest Run 25: 0.80
[0.821446664790318, 0.8899171579968654, 0.8870125882714154, 0.8923989618094179, 0.8772881654977724]
Avg. CV Score | random_forest Run 26: 0.87
[0.7053627760252366, 0.7150412916396028, 0.8826554464703132, 0.8769306031169194, 0.8372694920737626]
Avg. CV Score | random_forest Run 27: 0.80
[0.7763522296953598, 0.3564465768029853, 0.8849966486753449, 0.7834966985194602, 0.48382771912183675]
Avg. CV Score | random_forest Run 28: 0.66
[0.4573471400394477, 0.7486942454356367, 0.8418178615465916, 0.4729291485736272, 0.2429214570078506]
Avg. CV Score | random_forest Run 29: 0.55
[0.7921676778819636, 0.5772737633918396, 0.6759319652802167, 0.36624507567903797, 0.7899892089316842]
Avg. CV Score | random_forest Run 30: 0.64
[0.7102288984263233, 0.6838663484486873, 0.430322045938906, 0.5344256024480428, 0.7304904051172708]
Avg. CV Score | random_forest Run 31: 0.62
[0.6825413549678643, 0.46416558861578266, 0.8243459884864826, 0.24124561135704473, 0.5369839822893606]
Avg. CV Score | random_forest Run 32: 0.55
[0.7281019450033535, 0.5742745098039216, 0.7509298574767124, 0.6372002906272706, 0.30836007431177165]
Avg. CV Score | random_forest Run 33: 0.60
[0.40636072572038423, 0.5918011459573173, 0.4783182695237128, 0.7185244587008821, 0.7907769462837441]
Avg. CV Score | random_forest Run 34: 0.60
[0.7033456939294196, 0.742283105022831, 0.6501113282137502, 0.8782560630138879, 0.3153170268344811]
Avg. CV Score | random_forest Run 35: 0.66
[0.6199730613815663, 0.4238733720081448, 0.749596557288865, 0.7539046261654493, 0.7279699173717282]
Avg. CV Score | random_forest Run 36: 0.66
[0.8503966472085017, 0.6824893754952099, 0.6970592475133343, 0.5018628912071535, 0.6054355320615951]
Avg. CV Score | random_forest Run 37: 0.67
[0.9212970927232066, 0.7612057293522412, 0.5434876469177261, 0.8434938142793262, 0.5420591405407938]
Avg. CV Score | random_forest Run 38: 0.72
[0.6857375823877149, 0.6099514836962654, 0.7148611799702529, 0.7412910072440364, 0.346916026752539]
Avg. CV Score | random_forest Run 39: 0.62
[0.8961163406797813, 0.8141397303957095, 0.46541469920340267, 0.7765267826680314, 0.8477096211760976]
Avg. CV Score | random_forest Run 40: 0.76
[0.5225361715021589, 0.3979148199738297, 0.7147608083908928, 0.5290235594663639, 0.28727134468336785]
Avg. CV Score | random_forest Run 41: 0.49
[0.7350244294223948, 0.5706608447392728, 0.7643197229836964, 0.6908517350157729, 0.8334161284980958]
Avg. CV Score | random_forest Run 42: 0.72
[0.7450273166074365, 0.7824523212342057, 0.7831622503381873, 0.8513328634799552, 0.27006700883946394]
Avg. CV Score | random_forest Run 43: 0.69
[0.7109276957235254, 0.7487337070304586, 0.7058338297969845, 0.7456758092414134, 0.7428607691331387]
Avg. CV Score | random_forest Run 44: 0.73
[0.9197792324476961, 0.8742637336218295, 0.8839409076416197, 0.9104020979020979, 0.6918225315354501]
Avg. CV Score | random_forest Run 45: 0.86
[0.7062836624775584, 0.8112505058680696, 0.7698984120721964, 0.858857991583464, 0.4690851735015773]
Avg. CV Score | random_forest Run 46: 0.72
[0.8473979090856582, 0.8276400134952766, 0.47410850461180915, 0.750565308555688, 0.5639670495143051]
Avg. CV Score | random_forest Run 47: 0.69
[0.6092784069150391, 0.8591978080523632, 0.48588388591284204, 0.7035199255698558, 0.45759325044404975]
Avg. CV Score | random_forest Run 48: 0.62
[0.5817180869365753, 0.5825098532015766, 0.8136214698080824, 0.524074074074074, 0.5539038720181213]
Avg. CV Score | random_forest Run 49: 0.61
[0.8233969547501608, 0.8860990723163437, 0.4558546385520748, 0.884393063583815, 0.46650017838030683]
Avg. CV Score | random_forest Run 50: 0.70
[0.7603003996141656, 0.7745385223415632, 0.772716389321202, 0.8154697415260795, 0.5842001921711159]
Avg. CV Score | random_forest Run 51: 0.74
[0.7442051844740091, 0.7309486780715396, 0.73290479884739, 0.48556231003039513, 0.6496076139589247]
Avg. CV Score | random_forest Run 52: 0.67
[0.3326431718061674, 0.7555555555555555, 0.5016657320975031, 0.8742671308171491, 0.32644370926004784]
Avg. CV Score | random_forest Run 53: 0.56
[0.8291337134449145, 0.5506958866743127, 0.4963542217055902, 0.883313457480965, 0.5520675000775507]
Avg. CV Score | random_forest Run 54: 0.66
[0.8545004992629928, 0.7031948734498179, 0.409812132621307, 0.8189455290836386, 0.5072584682129151]
Avg. CV Score | random_forest Run 55: 0.66
[0.7443339960238569, 0.9018873066703005, 0.8533234003807632, 0.8192632001606103, 0.8835817248961642]
Avg. CV Score | random_forest Run 56: 0.84
[0.7801106104055715, 0.4278598007442084, 0.8127388535031848, 0.850438763830599, 0.6812912346842601]
Avg. CV Score | random_forest Run 57: 0.71
[0.8895052902487847, 0.451765494636472, 0.4562597837562343, 0.6842835005301362, 0.793748614497894]
Avg. CV Score | random_forest Run 58: 0.66
[0.8636971747855513, 0.5793641343176947, 0.8620739877658025, 0.593218435973727, 0.624503657262278]
Avg. CV Score | random_forest Run 59: 0.70
[0.8321741897358971, 0.4799616030717543, 0.4818295739348371, 0.7197960689608909, 0.4929232919797309]
Avg. CV Score | random_forest Run 60: 0.60
[0.8304269990717411, 0.7292916123424598, 0.4815459805628897, 0.786158408264779, 0.49727926410572004]
Avg. CV Score | random_forest Run 61: 0.66
[0.8651874521805661, 0.8750067200688135, 0.6396012078799789, 0.6296706471494607, 0.2184076291860723]
Avg. CV Score | random_forest Run 62: 0.65
[0.8059184002580229, 0.7937612626607842, 0.6567121830111722, 0.8579975874547647, 0.5981261078754115]
Avg. CV Score | random_forest Run 63: 0.74
[0.6345777018539919, 0.2866392728178309, 0.6281313473256601, 0.7027446918694976, 0.693335519304861]
Avg. CV Score | random_forest Run 64: 0.59
[0.831486800711257, 0.764180085441998, 0.8362634479139334, 0.9252341508310324, 0.8774689585082409]
Avg. CV Score | random_forest Run 65: 0.85
[0.5958518322178782, 0.60482351463384, 0.6924961568024597, 0.4542967016713504, 0.570056715648363]
Avg. CV Score | random_forest Run 66: 0.58
[0.7759833003735442, 0.8791434689507495, 0.7933118033128451, 0.8049375866851595, 0.5435401957141087]
Avg. CV Score | random_forest Run 67: 0.76
[0.734428362335339, 0.7633931049797369, 0.8243790734542893, 0.7538395380267846, 0.4173745792594967]
Avg. CV Score | random_forest Run 68: 0.70
[0.7993807524282139, 0.7054735013032146, 0.5663147427836107, 0.46301981579681833, 0.7847069516521535]
Avg. CV Score | random_forest Run 69: 0.66
[0.8454923561151079, 0.4999345721015441, 0.7965925618117599, 0.6459436687530091, 0.43266038239896193]
Avg. CV Score | random_forest Run 70: 0.64
[0.7530443561107957, 0.7533663366336634, 0.5527913867456802, 0.36819538442137123, 0.8002991452991453]
Avg. CV Score | random_forest Run 71: 0.65
[0.8980169971671388, 0.7949106489706343, 0.8391597047611323, 0.7439580168485016, 0.552007740686986]
Avg. CV Score | random_forest Run 72: 0.77
[0.8823426369263109, 0.8925885359620299, 0.7783266440259339, 0.8282768619449068, 0.45204230488694386]
Avg. CV Score | random_forest Run 73: 0.77
[0.7080211335254563, 0.7071696344892221, 0.7070380269142401, 0.7562994669681796, 0.5655939179147136]
Avg. CV Score | random_forest Run 74: 0.69
[0.7855283706402915, 0.8527391122528227, 0.3662655689254803, 0.696971851009383, 0.7638138479001135]
Avg. CV Score | random_forest Run 75: 0.69
[0.8933851300312938, 0.6384229903865821, 0.6988065069892913, 0.8596779964221825, 0.6397666751204667]
Avg. CV Score | random_forest Run 76: 0.75
[0.7038171428571428, 0.7537020731609702, 0.7766508839268204, 0.5483582434070056, 0.7837217025516134]
Avg. CV Score | random_forest Run 77: 0.71
[0.8234689819724285, 0.8036958769839485, 0.8168459374482873, 0.4662204559715541, 0.4092016344491592]
Avg. CV Score | random_forest Run 78: 0.66
[0.860289568122757, 0.9045233534698689, 0.6532973725421959, 0.6884200196270854, 0.4521002822513697]
Avg. CV Score | random_forest Run 79: 0.71
[0.860655737704918, 0.49992086520706935, 0.7861464315012305, 0.8055796891591852, 0.8693212547322877]
Avg. CV Score | random_forest Run 80: 0.76
[0.7296152488528063, 0.8044168591224018, 0.8298920524523654, 0.7757316123289195, 0.7679938744257274]
Avg. CV Score | random_forest Run 81: 0.78
[0.7180238643500104, 0.6131313726645842, 0.4399082404387254, 0.7455234986318467, 0.6863960183468332]
Avg. CV Score | random_forest Run 82: 0.64
[0.5172757711761773, 0.7664915353181553, 0.7045776309579991, 0.3482430303445441, 0.4639097744360902]
Avg. CV Score | random_forest Run 83: 0.56
[0.668018539976825, 0.7108794157758128, 0.7494169829438931, 0.3670084242147195, 0.41145420955397205]
Avg. CV Score | random_forest Run 84: 0.58
[0.7846038114343029, 0.5163088932255366, 0.8012476655938332, 0.7449929340675405, 0.8796438688789964]
Avg. CV Score | random_forest Run 85: 0.75
[0.8470978697128744, 0.6279129060221305, 0.6587305366411124, 0.5296766821267729, 0.31686764492227226]
Avg. CV Score | random_forest Run 86: 0.60
[0.793921262573708, 0.7874279242174629, 0.7849769154951497, 0.864486391571554, 0.8304313332498225]
Avg. CV Score | random_forest Run 87: 0.81
[0.8753383568659009, 0.7945535480492275, 0.3569441034454538, 0.3441032562847984, 0.770434267833735]
Avg. CV Score | random_forest Run 88: 0.63
[0.8565843621399177, 0.5966877923645691, 0.758520556319731, 0.8760575924001781, 0.7696973372960514]
Avg. CV Score | random_forest Run 89: 0.77
[0.6397924494542852, 0.7518756050338818, 0.5159250921979022, 0.5667673458969669, 0.8894291871580925]
Avg. CV Score | random_forest Run 90: 0.67
[0.5802498094176978, 0.5943184370087582, 0.3399870322341608, 0.849980894153611, 0.7974259284086339]
Avg. CV Score | random_forest Run 91: 0.63
[0.5139925679897399, 0.5167439464193715, 0.8799064395877494, 0.4858428063323802, 0.7388530615075237]
Avg. CV Score | random_forest Run 92: 0.63
[0.7522878011921753, 0.7354630851641953, 0.7922355725468778, 0.4756826959226221, 0.7543049595306643]
Avg. CV Score | random_forest Run 93: 0.70
[0.8618088222241945, 0.7631516587677725, 0.30312448879437265, 0.7654236709616862, 0.5049176180386452]
Avg. CV Score | random_forest Run 94: 0.64
[0.6754015215553677, 0.7615044523320257, 0.7922376336898396, 0.8205450328565906, 0.6547116250086548]
Avg. CV Score | random_forest Run 95: 0.74
[0.8535339717282262, 0.817458148274684, 0.7552418120599939, 0.4965248180447184, 0.7611940298507462]
Avg. CV Score | random_forest Run 96: 0.74
[0.6270103092783506, 0.7552832956663098, 0.7344091552012344, 0.8379375083813866, 0.6825576460602631]
Avg. CV Score | random_forest Run 97: 0.73
[0.3142417746295088, 0.8062897935558557, 0.668782635404935, 0.803000600120024, 0.6884788889452076]
Avg. CV Score | random_forest Run 98: 0.66
[0.5704913643057973, 0.8982527541926882, 0.8787706814510848, 0.849895518922684, 0.9019746383548399]
Avg. CV Score | random_forest Run 99: 0.82
[0.6872018536186453, 0.8623448726322664, 0.829860527642413, 0.8432410086812733, 0.8732394366197183]
Avg. CV Score | decision_tree Run 0: 0.82
[0.7180182133564614, 0.37319655045571587, 0.40088619402985076, 0.5811882395998536, 0.7552220331115581]
Avg. CV Score | decision_tree Run 1: 0.57
[0.7741980377148424, 0.6810104529616725, 0.34650524073762684, 0.545404485382459, 0.7937302423603794]
Avg. CV Score | decision_tree Run 2: 0.63
[0.6872450580483213, 0.21100398831768363, 0.8920047963485862, 0.8753446800418371, 0.4387667500279945]
Avg. CV Score | decision_tree Run 3: 0.62
[0.677136218914035, 0.6023498694516971, 0.7818362855046641, 0.629547141796585, 0.3744260124932776]
Avg. CV Score | decision_tree Run 4: 0.61
[0.7632954396968509, 0.8072436577208582, 0.8209905981741382, 0.7451200952822074, 0.6064670003127932]
Avg. CV Score | decision_tree Run 5: 0.75
[0.7770077960648435, 0.7925863044708545, 0.806806621659114, 0.3862212155530389, 0.7625852811755682]
Avg. CV Score | decision_tree Run 6: 0.70
[0.8578468220162031, 0.5203114266086558, 0.37547591708466793, 0.5241939161764035, 0.6030555555555556]
Avg. CV Score | decision_tree Run 7: 0.58
[0.7422446249105448, 0.29833103410965944, 0.480098673244883, 0.7447792362768496, 0.7461161606394636]
Avg. CV Score | decision_tree Run 8: 0.60
[0.8964244354371743, 0.8026624279753626, 0.9238028661307235, 0.8971774193548387, 0.5623789645823472]
Avg. CV Score | decision_tree Run 9: 0.82
[0.7270584769480041, 0.6125298848076505, 0.7576022879822565, 0.5926305632613678, 0.5974063235209732]
Avg. CV Score | decision_tree Run 10: 0.66
[0.6445525291828794, 0.8229646017699115, 0.8858144391408115, 0.8102658568156925, 0.7687439535633667]
Avg. CV Score | decision_tree Run 11: 0.79
[0.7474393345707019, 0.5266115027071202, 0.6137113528045949, 0.5110789731935333, 0.8198564894465192]
Avg. CV Score | decision_tree Run 12: 0.64
[0.8812483699904373, 0.8316246988236405, 0.43646861612963306, 0.32034343164731527, 0.8078577296670372]
Avg. CV Score | decision_tree Run 13: 0.66
[0.5341233879400488, 0.7638923811918532, 0.724454951405306, 0.6984787502558155, 0.7673483212667768]
Avg. CV Score | decision_tree Run 14: 0.70
[0.8920039814200398, 0.7011785665341921, 0.8520702130510519, 0.7294824134972834, 0.8250649725671383]
Avg. CV Score | decision_tree Run 15: 0.80
[0.6973739057940809, 0.412264909794308, 0.3641707024297363, 0.8264325935740311, 0.6258882950607858]
Avg. CV Score | decision_tree Run 16: 0.59
[0.54209031785289, 0.8595328625746876, 0.8402121166641653, 0.8572967538063775, 0.5691807764665641]
Avg. CV Score | decision_tree Run 17: 0.73
[0.8968447891214278, 0.8420987501546838, 0.7465744653604814, 0.7667236589014746, 0.6976696083838941]
Avg. CV Score | decision_tree Run 18: 0.79
[0.4458431080849116, 0.7696014924599679, 0.8580433238636364, 0.7007063987380838, 0.769787872294836]
Avg. CV Score | decision_tree Run 19: 0.71
[0.7799369085173502, 0.8183582917359956, 0.8656119685310176, 0.8151942133210687, 0.8238423130894494]
Avg. CV Score | decision_tree Run 20: 0.82
[0.8085106382978723, 0.7297812859727019, 0.8623077928300736, 0.5089944416371905, 0.281588951278206]
Avg. CV Score | decision_tree Run 21: 0.64
[0.7479436218932017, 0.7628852516106565, 0.4470619970327744, 0.7510055440808784, 0.3618099308278627]
Avg. CV Score | decision_tree Run 22: 0.61
[0.7173171655930277, 0.5024672675833937, 0.3340356564019449, 0.5703216374269006, 0.3936406995230525]
Avg. CV Score | decision_tree Run 23: 0.50
[0.44193177462629357, 0.6825681670903744, 0.649384929528363, 0.6153714040360669, 0.3154351395730706]
Avg. CV Score | decision_tree Run 24: 0.54
[0.7911011853633396, 0.8399853341713807, 0.7036820001953316, 0.4047416542632362, 0.8063468530481133]
Avg. CV Score | decision_tree Run 25: 0.71
[0.821446664790318, 0.8729755951936712, 0.8870125882714154, 0.8923989618094179, 0.8772881654977724]
Avg. CV Score | decision_tree Run 26: 0.87
[0.6965299684542586, 0.8891157093810893, 0.8826554464703132, 0.8769306031169194, 0.8241130162838348]
Avg. CV Score | decision_tree Run 27: 0.83
[0.7763522296953598, 0.3564465768029853, 0.8708505309203796, 0.7675839724398146, 0.48382771912183675]
Avg. CV Score | decision_tree Run 28: 0.65
[0.45775805391190005, 0.7486942454356367, 0.8418178615465916, 0.4729291485736272, 0.2457863600848309]
Avg. CV Score | decision_tree Run 29: 0.55
[0.7298952013237727, 0.5772737633918396, 0.6759319652802167, 0.36624507567903797, 0.7949281978915913]
Avg. CV Score | decision_tree Run 30: 0.63
[0.7306151645207439, 0.6838663484486873, 0.37224721761780727, 0.5344256024480428, 0.6687785561985988]
Avg. CV Score | decision_tree Run 31: 0.60
[0.6825413549678643, 0.46416558861578266, 0.8243459884864826, 0.24124561135704473, 0.5369839822893606]
Avg. CV Score | decision_tree Run 32: 0.55
[0.6390342052313883, 0.5742745098039216, 0.7509298574767124, 0.5940905788326472, 0.30836007431177165]
Avg. CV Score | decision_tree Run 33: 0.57
[0.3911632870864461, 0.5882304093890995, 0.4801123861751464, 0.7185244587008821, 0.7907769462837441]
Avg. CV Score | decision_tree Run 34: 0.59
[0.6953043623182368, 0.7241400304414003, 0.6501113282137502, 0.8782560630138879, 0.7994775587746379]
Avg. CV Score | decision_tree Run 35: 0.75
[0.6199730613815663, 0.4238733720081448, 0.749596557288865, 0.4317952372468674, 0.7181732719806047]
Avg. CV Score | decision_tree Run 36: 0.59
[0.8304894476874719, 0.6550457393935029, 0.5119648262937869, 0.5018628912071535, 0.6054355320615951]
Avg. CV Score | decision_tree Run 37: 0.62
[0.9212970927232066, 0.721584835744317, 0.5434876469177261, 0.8434938142793262, 0.5420591405407938]
Avg. CV Score | decision_tree Run 38: 0.71
[0.6602568458245567, 0.6099514836962654, 0.6913733267228557, 0.7412910072440364, 0.34332425068119893]
Avg. CV Score | decision_tree Run 39: 0.61
[0.8895214474945042, 0.8141397303957095, 0.46541469920340267, 0.7765267826680314, 0.8438738310350293]
Avg. CV Score | decision_tree Run 40: 0.76
[0.5225361715021589, 0.3979148199738297, 0.7147608083908928, 0.5290235594663639, 0.28727134468336785]
Avg. CV Score | decision_tree Run 41: 0.49
[0.7350244294223948, 0.5706608447392728, 0.7643197229836964, 0.6908517350157729, 0.8334161284980958]
Avg. CV Score | decision_tree Run 42: 0.72
[0.7450273166074365, 0.7824523212342057, 0.7831622503381873, 0.8513328634799552, 0.2654690618762475]
Avg. CV Score | decision_tree Run 43: 0.69
[0.6959648614731152, 0.7487337070304586, 0.7014343980569177, 0.7456758092414134, 0.7428607691331387]
Avg. CV Score | decision_tree Run 44: 0.73
[0.9197792324476961, 0.8742637336218295, 0.8839409076416197, 0.7882867132867133, 0.6918225315354501]
Avg. CV Score | decision_tree Run 45: 0.83
[0.6983842010771992, 0.8112505058680696, 0.7698984120721964, 0.854237148279561, 0.4690851735015773]
Avg. CV Score | decision_tree Run 46: 0.72
[0.7027667070987119, 0.8276400134952766, 0.47410850461180915, 0.7513875755457797, 0.5639670495143051]
Avg. CV Score | decision_tree Run 47: 0.66
[0.6092784069150391, 0.7562980439911713, 0.48588388591284204, 0.7035199255698558, 0.45759325044404975]
Avg. CV Score | decision_tree Run 48: 0.60
[0.5164583094391558, 0.5825098532015766, 0.8114370416601654, 0.5203703703703704, 0.5539038720181213]
Avg. CV Score | decision_tree Run 49: 0.60
[0.8233969547501608, 0.8856334395931086, 0.4558546385520748, 0.8801453844806446, 0.46650017838030683]
Avg. CV Score | decision_tree Run 50: 0.70
[0.7561664599696845, 0.7745385223415632, 0.7649347539806057, 0.800147036062529, 0.5886702594310064]
Avg. CV Score | decision_tree Run 51: 0.74
[0.6206281717185571, 0.7309486780715396, 0.73290479884739, 0.48556231003039513, 0.6496076139589247]
Avg. CV Score | decision_tree Run 52: 0.64
[0.3326431718061674, 0.7555555555555555, 0.5016657320975031, 0.8647398314400879, 0.32644370926004784]
Avg. CV Score | decision_tree Run 53: 0.56
[0.8291337134449145, 0.5506958866743127, 0.4963542217055902, 0.8769837629575268, 0.5520675000775507]
Avg. CV Score | decision_tree Run 54: 0.66
[0.8545004992629928, 0.7031948734498179, 0.409812132621307, 0.8189455290836386, 0.5042549641248123]
Avg. CV Score | decision_tree Run 55: 0.66
[0.7443339960238569, 0.8274851808952783, 0.8533234003807632, 0.8192632001606103, 0.8835817248961642]
Avg. CV Score | decision_tree Run 56: 0.83
[0.7148709545268332, 0.3942503901092306, 0.6926220806794056, 0.850438763830599, 0.6812912346842601]
Avg. CV Score | decision_tree Run 57: 0.67
[0.876408350014298, 0.451765494636472, 0.4562597837562343, 0.6842835005301362, 0.793748614497894]
Avg. CV Score | decision_tree Run 58: 0.65
[0.8636971747855513, 0.5721600381043106, 0.8541363239149432, 0.593218435973727, 0.624503657262278]
Avg. CV Score | decision_tree Run 59: 0.70
[0.8238556298013546, 0.4857211423086153, 0.4818295739348371, 0.5683236063594285, 0.4929232919797309]
Avg. CV Score | decision_tree Run 60: 0.57
[0.8304269990717411, 0.7292916123424598, 0.4815459805628897, 0.7756361201453988, 0.7111485392239425]
Avg. CV Score | decision_tree Run 61: 0.71
[0.8651874521805661, 0.8750067200688135, 0.6396012078799789, 0.6271667950693375, 0.2184076291860723]
Avg. CV Score | decision_tree Run 62: 0.65
[0.8059184002580229, 0.7937612626607842, 0.6567121830111722, 0.3367913148371532, 0.5981261078754115]
Avg. CV Score | decision_tree Run 63: 0.64
[0.6345777018539919, 0.2866392728178309, 0.6281313473256601, 0.7027446918694976, 0.693335519304861]
Avg. CV Score | decision_tree Run 64: 0.59
[0.8199516709980395, 0.7017745645744331, 0.8362634479139334, 0.9252341508310324, 0.878794573814679]
Avg. CV Score | decision_tree Run 65: 0.83
[0.5958518322178782, 0.60482351463384, 0.6924961568024597, 0.4542967016713504, 0.47299561742717194]
Avg. CV Score | decision_tree Run 66: 0.56
[0.7759833003735442, 0.8791434689507495, 0.7797687259089489, 0.8049375866851595, 0.5435401957141087]
Avg. CV Score | decision_tree Run 67: 0.76
[0.734428362335339, 0.7633931049797369, 0.8243790734542893, 0.7538395380267846, 0.4173745792594967]
Avg. CV Score | decision_tree Run 68: 0.70
[0.7993807524282139, 0.6926826913794768, 0.26116456584681075, 0.46301981579681833, 0.7763802152050898]
Avg. CV Score | decision_tree Run 69: 0.60
[0.8277877697841727, 0.4999345721015441, 0.7965925618117599, 0.6195835339431873, 0.43266038239896193]
Avg. CV Score | decision_tree Run 70: 0.64
[0.6888131743327655, 0.7533663366336634, 0.5527913867456802, 0.36819538442137123, 0.7785897435897436]
Avg. CV Score | decision_tree Run 71: 0.63
[0.8980169971671388, 0.7934998432438082, 0.8391597047611323, 0.7439580168485016, 0.552007740686986]
Avg. CV Score | decision_tree Run 72: 0.77
[0.8823426369263109, 0.8925885359620299, 0.7783266440259339, 0.8282768619449068, 0.45204230488694386]
Avg. CV Score | decision_tree Run 73: 0.77
[0.7080211335254563, 0.7071696344892221, 0.7070380269142401, 0.7562994669681796, 0.5655939179147136]
Avg. CV Score | decision_tree Run 74: 0.69
[0.7855283706402915, 0.8527391122528227, 0.3662655689254803, 0.696971851009383, 0.7611804767309875]
Avg. CV Score | decision_tree Run 75: 0.69
[0.8773605265997626, 0.6384229903865821, 0.6988065069892913, 0.8596779964221825, 0.6397666751204667]
Avg. CV Score | decision_tree Run 76: 0.74
[0.7038171428571428, 0.7537020731609702, 0.7656403216316925, 0.5483582434070056, 0.7837217025516134]
Avg. CV Score | decision_tree Run 77: 0.71
[0.8103459703075292, 0.795243019648397, 0.7944398477577362, 0.44356131911036745, 0.4092016344491592]
Avg. CV Score | decision_tree Run 78: 0.65
[0.8054696200965227, 0.8470605569471048, 0.6532973725421959, 0.6659306509649984, 0.4521002822513697]
Avg. CV Score | decision_tree Run 79: 0.68
[0.852321256371401, 0.49992086520706935, 0.7861464315012305, 0.6862631528139782, 0.7831260140616549]
Avg. CV Score | decision_tree Run 80: 0.72
[0.7296152488528063, 0.8011330831408776, 0.8298920524523654, 0.7757316123289195, 0.7679938744257274]
Avg. CV Score | decision_tree Run 81: 0.78
[0.698555578815156, 0.6131313726645842, 0.4399082404387254, 0.7455234986318467, 0.5878793793305358]
Avg. CV Score | decision_tree Run 82: 0.62
[0.5172757711761773, 0.7664915353181553, 0.6995962456085155, 0.3311870676073704, 0.4639097744360902]
Avg. CV Score | decision_tree Run 83: 0.56
[0.5515643105446119, 0.7128590911090581, 0.7494169829438931, 0.35747404166394564, 0.4132262564566603]
Avg. CV Score | decision_tree Run 84: 0.56
[0.7846038114343029, 0.5163088932255366, 0.8012476655938332, 0.7435797475756543, 0.8772966410360178]
Avg. CV Score | decision_tree Run 85: 0.74
[0.8476381599259031, 0.6279129060221305, 0.6587305366411124, 0.5296766821267729, 0.29245968327764055]
Avg. CV Score | decision_tree Run 86: 0.59
[0.793921262573708, 0.7940177100494233, 0.7849769154951497, 0.8605794556628622, 0.8201595056161008]
Avg. CV Score | decision_tree Run 87: 0.81
[0.8765820469675909, 0.7945535480492275, 0.3569441034454538, 0.3441032562847984, 0.770434267833735]
Avg. CV Score | decision_tree Run 88: 0.63
[0.8565843621399177, 0.5962728232986269, 0.7488919455907076, 0.8693780614516847, 0.7696973372960514]
Avg. CV Score | decision_tree Run 89: 0.77
[0.6397924494542852, 0.7518756050338818, 0.5159250921979022, 0.5667673458969669, 0.8894291871580925]
Avg. CV Score | decision_tree Run 90: 0.67
[0.5802498094176978, 0.5869638445991466, 0.19771211559836976, 0.849980894153611, 0.7975153058944452]
Avg. CV Score | decision_tree Run 91: 0.60
[0.5139925679897399, 0.5167439464193715, 0.8799064395877494, 0.4858428063323802, 0.6726995353997642]
Avg. CV Score | decision_tree Run 92: 0.61
[0.7299555033162622, 0.7354630851641953, 0.7901875113781176, 0.4756826959226221, 0.7452333097941224]
Avg. CV Score | decision_tree Run 93: 0.70
[0.8497381734268217, 0.7631516587677725, 0.3709716996564698, 0.7654236709616862, 0.5049176180386452]
Avg. CV Score | decision_tree Run 94: 0.65
[0.6279703202780126, 0.7615044523320257, 0.7922376336898396, 0.8200135291843834, 0.6547116250086548]
Avg. CV Score | decision_tree Run 95: 0.73
[0.8535339717282262, 0.8078578749572941, 0.7507269666360575, 0.4965248180447184, 0.7611940298507462]
Avg. CV Score | decision_tree Run 96: 0.73
[0.6270103092783506, 0.3208833908251061, 0.7344091552012344, 0.6873407536542846, 0.6825576460602631]
Avg. CV Score | decision_tree Run 97: 0.61
[0.3142417746295088, 0.7608527879606406, 0.6681171291082215, 0.8038407681536307, 0.6884788889452076]
Avg. CV Score | decision_tree Run 98: 0.65
[0.5704913643057973, 0.8979720721352887, 0.8787706814510848, 0.849895518922684, 0.9019746383548399]
Avg. CV Score | decision_tree Run 99: 0.82
[0.6872018536186453, 0.8623448726322664, 0.829860527642413, 0.8432410086812733, 0.8732394366197183]
Avg. CV Score | gradient_boost Run 0: 0.82
[0.6843560277536861, 0.37319655045571587, 0.40088619402985076, 0.6044284494327193, 0.7552220331115581]
Avg. CV Score | gradient_boost Run 1: 0.56
[0.7764943288567253, 0.6810104529616725, 0.348635166190236, 0.545404485382459, 0.8015674394099052]
Avg. CV Score | gradient_boost Run 2: 0.63
[0.6872450580483213, 0.21100398831768363, 0.8920047963485862, 0.8753446800418371, 0.4387667500279945]
Avg. CV Score | gradient_boost Run 3: 0.62
[0.677136218914035, 0.6023498694516971, 0.7884917723509066, 0.6378062360801782, 0.3744260124932776]
Avg. CV Score | gradient_boost Run 4: 0.62
[0.7632954396968509, 0.8072436577208582, 0.8209905981741382, 0.7451200952822074, 0.6064670003127932]
Avg. CV Score | gradient_boost Run 5: 0.75
[0.7770077960648435, 0.7937653272967364, 0.806806621659114, 0.3862212155530389, 0.7625852811755682]
Avg. CV Score | gradient_boost Run 6: 0.71
[0.8675352877307275, 0.5203114266086558, 0.37547591708466793, 0.5241939161764035, 0.6030555555555556]
Avg. CV Score | gradient_boost Run 7: 0.58
[0.7461650953669996, 0.29833103410965944, 0.48343222881525433, 0.7488439737470167, 0.7461161606394636]
Avg. CV Score | gradient_boost Run 8: 0.60
[0.8831789229878402, 0.8026624279753626, 0.9228125364091809, 0.8971774193548387, 0.5623789645823472]
Avg. CV Score | gradient_boost Run 9: 0.81
[0.7755192222713213, 0.6125298848076505, 0.7576022879822565, 0.5926305632613678, 0.7632983301773111]
Avg. CV Score | gradient_boost Run 10: 0.70
[0.7466277561608301, 0.8229646017699115, 0.8858144391408115, 0.8102658568156925, 0.7764027732989358]
Avg. CV Score | gradient_boost Run 11: 0.81
[0.7832542792328315, 0.5266115027071202, 0.6137113528045949, 0.5110789731935333, 0.8198564894465192]
Avg. CV Score | gradient_boost Run 12: 0.65
[0.8812483699904373, 0.8316246988236405, 0.43646861612963306, 0.32505894390319856, 0.8078577296670372]
Avg. CV Score | gradient_boost Run 13: 0.66
[0.5427675148135239, 0.7638923811918532, 0.724454951405306, 0.6984787502558155, 0.7673483212667768]
Avg. CV Score | gradient_boost Run 14: 0.70
[0.7847268303472683, 0.7011785665341921, 0.8537228103086337, 0.8650986559908493, 0.8250649725671383]
Avg. CV Score | gradient_boost Run 15: 0.81
[0.7149333055439766, 0.412264909794308, 0.3641707024297363, 0.8264325935740311, 0.6258882950607858]
Avg. CV Score | gradient_boost Run 16: 0.59
[0.54209031785289, 0.8595328625746876, 0.8402121166641653, 0.8572967538063775, 0.5691807764665641]
Avg. CV Score | gradient_boost Run 17: 0.73
[0.8968447891214278, 0.8497091944066328, 0.7465744653604814, 0.7667236589014746, 0.7113210148924435]
Avg. CV Score | gradient_boost Run 18: 0.79
[0.4664416089717915, 0.7696014924599679, 0.8722034801136364, 0.7106508469926617, 0.769787872294836]
Avg. CV Score | gradient_boost Run 19: 0.72
[0.7799369085173502, 0.8183582917359956, 0.8733072524826964, 0.816114061128068, 0.8238423130894494]
Avg. CV Score | gradient_boost Run 20: 0.82
[0.8085106382978723, 0.49028120374938333, 0.8623077928300736, 0.5089944416371905, 0.281588951278206]
Avg. CV Score | gradient_boost Run 21: 0.59
[0.7479436218932017, 0.8069824133728016, 0.3481544755653464, 0.7510055440808784, 0.3618099308278627]
Avg. CV Score | gradient_boost Run 22: 0.60
[0.7173171655930277, 0.5024672675833937, 0.3340356564019449, 0.5703216374269006, 0.3936406995230525]
Avg. CV Score | gradient_boost Run 23: 0.50
[0.44193177462629357, 0.6825681670903744, 0.6889287315105334, 0.6401030485186775, 0.3154351395730706]
Avg. CV Score | gradient_boost Run 24: 0.55
[0.7991753994159079, 0.8399853341713807, 0.803691766774099, 0.7645120136083351, 0.8063468530481133]
Avg. CV Score | gradient_boost Run 25: 0.80
[0.821446664790318, 0.8899171579968654, 0.8870125882714154, 0.8923989618094179, 0.8772881654977724]
Avg. CV Score | gradient_boost Run 26: 0.87
[0.7053627760252366, 0.7150412916396028, 0.8826554464703132, 0.8769306031169194, 0.8241130162838348]
Avg. CV Score | gradient_boost Run 27: 0.80
[0.7763522296953598, 0.3564465768029853, 0.8849966486753449, 0.7834966985194602, 0.48382771912183675]
Avg. CV Score | gradient_boost Run 28: 0.66
[0.4573471400394477, 0.7486942454356367, 0.8418178615465916, 0.4729291485736272, 0.2429214570078506]
Avg. CV Score | gradient_boost Run 29: 0.55
[0.7921676778819636, 0.5772737633918396, 0.6759319652802167, 0.36624507567903797, 0.7899892089316842]
Avg. CV Score | gradient_boost Run 30: 0.64
[0.7306151645207439, 0.6838663484486873, 0.430322045938906, 0.5344256024480428, 0.7304904051172708]
Avg. CV Score | gradient_boost Run 31: 0.62
[0.6825413549678643, 0.46416558861578266, 0.8243459884864826, 0.24124561135704473, 0.5369839822893606]
Avg. CV Score | gradient_boost Run 32: 0.55
[0.7281019450033535, 0.5742745098039216, 0.7509298574767124, 0.6372002906272706, 0.30836007431177165]
Avg. CV Score | gradient_boost Run 33: 0.60
[0.40636072572038423, 0.5882304093890995, 0.4783182695237128, 0.7185244587008821, 0.7907769462837441]
Avg. CV Score | gradient_boost Run 34: 0.60
[0.6953043623182368, 0.742283105022831, 0.6501113282137502, 0.8782560630138879, 0.3153170268344811]
Avg. CV Score | gradient_boost Run 35: 0.66
[0.6199730613815663, 0.4238733720081448, 0.749596557288865, 0.7539046261654493, 0.7293058235614269]
Avg. CV Score | gradient_boost Run 36: 0.66
[0.8503966472085017, 0.6824893754952099, 0.6970592475133343, 0.5018628912071535, 0.6054355320615951]
Avg. CV Score | gradient_boost Run 37: 0.67
[0.9212970927232066, 0.7612057293522412, 0.5434876469177261, 0.8434938142793262, 0.5420591405407938]
Avg. CV Score | gradient_boost Run 38: 0.72
[0.6857375823877149, 0.6099514836962654, 0.7148611799702529, 0.7412910072440364, 0.346916026752539]
Avg. CV Score | gradient_boost Run 39: 0.62
[0.8961163406797813, 0.8141397303957095, 0.46541469920340267, 0.7765267826680314, 0.8477096211760976]
Avg. CV Score | gradient_boost Run 40: 0.76
[0.5225361715021589, 0.3979148199738297, 0.7147608083908928, 0.5290235594663639, 0.28727134468336785]
Avg. CV Score | gradient_boost Run 41: 0.49
[0.7350244294223948, 0.5706608447392728, 0.7643197229836964, 0.6908517350157729, 0.8334161284980958]
Avg. CV Score | gradient_boost Run 42: 0.72
[0.7450273166074365, 0.7824523212342057, 0.7831622503381873, 0.8513328634799552, 0.27006700883946394]
Avg. CV Score | gradient_boost Run 43: 0.69
[0.7109276957235254, 0.7487337070304586, 0.7058338297969845, 0.7456758092414134, 0.7428607691331387]
Avg. CV Score | gradient_boost Run 44: 0.73
[0.9197792324476961, 0.8742637336218295, 0.8839409076416197, 0.9104020979020979, 0.6918225315354501]
Avg. CV Score | gradient_boost Run 45: 0.86
[0.7062836624775584, 0.8112505058680696, 0.7698984120721964, 0.858857991583464, 0.4690851735015773]
Avg. CV Score | gradient_boost Run 46: 0.72
[0.8473979090856582, 0.8276400134952766, 0.47410850461180915, 0.750565308555688, 0.5639670495143051]
Avg. CV Score | gradient_boost Run 47: 0.69
[0.6092784069150391, 0.8591978080523632, 0.48588388591284204, 0.7035199255698558, 0.45759325044404975]
Avg. CV Score | gradient_boost Run 48: 0.62
[0.5817180869365753, 0.5825098532015766, 0.8136214698080824, 0.524074074074074, 0.5539038720181213]
Avg. CV Score | gradient_boost Run 49: 0.61
[0.8233969547501608, 0.8860990723163437, 0.4558546385520748, 0.884393063583815, 0.46650017838030683]
Avg. CV Score | gradient_boost Run 50: 0.70
[0.7603003996141656, 0.7745385223415632, 0.7649347539806057, 0.8154697415260795, 0.5842001921711159]
Avg. CV Score | gradient_boost Run 51: 0.74
[0.7442051844740091, 0.7309486780715396, 0.73290479884739, 0.48556231003039513, 0.6496076139589247]
Avg. CV Score | gradient_boost Run 52: 0.67
[0.3326431718061674, 0.7555555555555555, 0.5016657320975031, 0.8742671308171491, 0.32644370926004784]
Avg. CV Score | gradient_boost Run 53: 0.56
[0.8291337134449145, 0.5506958866743127, 0.4963542217055902, 0.883313457480965, 0.5520675000775507]
Avg. CV Score | gradient_boost Run 54: 0.66
[0.8545004992629928, 0.7031948734498179, 0.409812132621307, 0.8189455290836386, 0.5072584682129151]
Avg. CV Score | gradient_boost Run 55: 0.66
[0.7443339960238569, 0.9018873066703005, 0.8533234003807632, 0.8192632001606103, 0.8835817248961642]
Avg. CV Score | gradient_boost Run 56: 0.84
[0.7801106104055715, 0.4278598007442084, 0.8127388535031848, 0.850438763830599, 0.6812912346842601]
Avg. CV Score | gradient_boost Run 57: 0.71
[0.8895052902487847, 0.451765494636472, 0.4562597837562343, 0.6842835005301362, 0.793748614497894]
Avg. CV Score | gradient_boost Run 58: 0.66
[0.8636971747855513, 0.5721600381043106, 0.8620739877658025, 0.593218435973727, 0.624503657262278]
Avg. CV Score | gradient_boost Run 59: 0.70
[0.8321741897358971, 0.4857211423086153, 0.4818295739348371, 0.7197960689608909, 0.4929232919797309]
Avg. CV Score | gradient_boost Run 60: 0.60
[0.8304269990717411, 0.7292916123424598, 0.4815459805628897, 0.786158408264779, 0.49727926410572004]
Avg. CV Score | gradient_boost Run 61: 0.66
[0.8651874521805661, 0.8750067200688135, 0.6396012078799789, 0.6296706471494607, 0.2184076291860723]
Avg. CV Score | gradient_boost Run 62: 0.65
[0.8059184002580229, 0.7937612626607842, 0.6567121830111722, 0.8579975874547647, 0.5981261078754115]
Avg. CV Score | gradient_boost Run 63: 0.74
[0.6345777018539919, 0.2866392728178309, 0.6281313473256601, 0.7027446918694976, 0.693335519304861]
Avg. CV Score | gradient_boost Run 64: 0.59
[0.831486800711257, 0.764180085441998, 0.8362634479139334, 0.9252341508310324, 0.8774689585082409]
Avg. CV Score | gradient_boost Run 65: 0.85
[0.5958518322178782, 0.60482351463384, 0.6924961568024597, 0.4542967016713504, 0.5485305491105955]
Avg. CV Score | gradient_boost Run 66: 0.58
[0.7759833003735442, 0.8791434689507495, 0.7933118033128451, 0.8049375866851595, 0.5435401957141087]
Avg. CV Score | gradient_boost Run 67: 0.76
[0.734428362335339, 0.7633931049797369, 0.8243790734542893, 0.7538395380267846, 0.4173745792594967]
Avg. CV Score | gradient_boost Run 68: 0.70
[0.7993807524282139, 0.7054735013032146, 0.5663147427836107, 0.46301981579681833, 0.7847069516521535]
Avg. CV Score | gradient_boost Run 69: 0.66
[0.8454923561151079, 0.4999345721015441, 0.7965925618117599, 0.6459436687530091, 0.43266038239896193]
Avg. CV Score | gradient_boost Run 70: 0.64
[0.7530443561107957, 0.7533663366336634, 0.5527913867456802, 0.36819538442137123, 0.8002991452991453]
Avg. CV Score | gradient_boost Run 71: 0.65
[0.8980169971671388, 0.7934998432438082, 0.8391597047611323, 0.7439580168485016, 0.552007740686986]
Avg. CV Score | gradient_boost Run 72: 0.77
[0.8823426369263109, 0.8925885359620299, 0.7783266440259339, 0.8282768619449068, 0.45204230488694386]
Avg. CV Score | gradient_boost Run 73: 0.77
[0.7080211335254563, 0.7071696344892221, 0.7070380269142401, 0.7562994669681796, 0.5655939179147136]
Avg. CV Score | gradient_boost Run 74: 0.69
[0.7855283706402915, 0.8527391122528227, 0.3662655689254803, 0.696971851009383, 0.7638138479001135]
Avg. CV Score | gradient_boost Run 75: 0.69
[0.8933851300312938, 0.6384229903865821, 0.6988065069892913, 0.8596779964221825, 0.6397666751204667]
Avg. CV Score | gradient_boost Run 76: 0.75
[0.7038171428571428, 0.7537020731609702, 0.7656403216316925, 0.5483582434070056, 0.7837217025516134]
Avg. CV Score | gradient_boost Run 77: 0.71
[0.8234689819724285, 0.8036958769839485, 0.8168459374482873, 0.4662204559715541, 0.4092016344491592]
Avg. CV Score | gradient_boost Run 78: 0.66
[0.860289568122757, 0.9045233534698689, 0.6532973725421959, 0.6884200196270854, 0.4521002822513697]
Avg. CV Score | gradient_boost Run 79: 0.71
[0.860655737704918, 0.49992086520706935, 0.7861464315012305, 0.8055796891591852, 0.8693212547322877]
Avg. CV Score | gradient_boost Run 80: 0.76
[0.7296152488528063, 0.8044168591224018, 0.8420633195682098, 0.7757316123289195, 0.7679938744257274]
Avg. CV Score | gradient_boost Run 81: 0.78
[0.7180238643500104, 0.6131313726645842, 0.4399082404387254, 0.7455234986318467, 0.6863960183468332]
Avg. CV Score | gradient_boost Run 82: 0.64
[0.5172757711761773, 0.7664915353181553, 0.7045776309579991, 0.3482430303445441, 0.4639097744360902]
Avg. CV Score | gradient_boost Run 83: 0.56
[0.668018539976825, 0.7108794157758128, 0.7494169829438931, 0.3670084242147195, 0.41145420955397205]
Avg. CV Score | gradient_boost Run 84: 0.58
[0.7846038114343029, 0.5163088932255366, 0.8012476655938332, 0.7449929340675405, 0.8796438688789964]
Avg. CV Score | gradient_boost Run 85: 0.75
[0.8470978697128744, 0.6279129060221305, 0.6587305366411124, 0.5296766821267729, 0.31686764492227226]
Avg. CV Score | gradient_boost Run 86: 0.60
[0.793921262573708, 0.7874279242174629, 0.7849769154951497, 0.864486391571554, 0.8304313332498225]
Avg. CV Score | gradient_boost Run 87: 0.81
[0.8753383568659009, 0.7945535480492275, 0.3569441034454538, 0.3441032562847984, 0.770434267833735]
Avg. CV Score | gradient_boost Run 88: 0.63
[0.8565843621399177, 0.5966877923645691, 0.758520556319731, 0.8760575924001781, 0.7696973372960514]
Avg. CV Score | gradient_boost Run 89: 0.77
[0.6397924494542852, 0.7518756050338818, 0.5159250921979022, 0.5667673458969669, 0.8894291871580925]
Avg. CV Score | gradient_boost Run 90: 0.67
[0.5802498094176978, 0.5943184370087582, 0.3399870322341608, 0.849980894153611, 0.7974259284086339]
Avg. CV Score | gradient_boost Run 91: 0.63
[0.5139925679897399, 0.5167439464193715, 0.8799064395877494, 0.4858428063323802, 0.7388530615075237]
Avg. CV Score | gradient_boost Run 92: 0.63
[0.7522878011921753, 0.7354630851641953, 0.7922355725468778, 0.4756826959226221, 0.7543049595306643]
Avg. CV Score | gradient_boost Run 93: 0.70
[0.8497381734268217, 0.7631516587677725, 0.30312448879437265, 0.7654236709616862, 0.5049176180386452]
Avg. CV Score | gradient_boost Run 94: 0.64
[0.6754015215553677, 0.7615044523320257, 0.7922376336898396, 0.8205450328565906, 0.6547116250086548]
Avg. CV Score | gradient_boost Run 95: 0.74
[0.8535339717282262, 0.817458148274684, 0.7552418120599939, 0.4965248180447184, 0.7611940298507462]
Avg. CV Score | gradient_boost Run 96: 0.74
[0.6270103092783506, 0.7552832956663098, 0.7344091552012344, 0.8424969827008181, 0.6825576460602631]
Avg. CV Score | gradient_boost Run 97: 0.73
[0.3142417746295088, 0.8062897935558557, 0.668782635404935, 0.803000600120024, 0.6884788889452076]
Avg. CV Score | gradient_boost Run 98: 0.66
[0.5704913643057973, 0.8982527541926882, 0.8787706814510848, 0.849895518922684, 0.9019746383548399]
Avg. CV Score | gradient_boost Run 99: 0.82
one it done
[0.7314978874199264, 0.8518125408229915, 0.8386825743572509, 0.8427449359239355, 0.8829622898682417]
Avg. CV Score | random_forest Run 0: 0.83
[0.7472354726799653, 0.36596231658969225, 0.4037235696517413, 0.5846651213858729, 0.7491876837382021]
Avg. CV Score | random_forest Run 1: 0.57
[0.7706492241319324, 0.6785714285714286, 0.9375035031668628, 0.5406487785342411, 0.7814146469968388]
Avg. CV Score | random_forest Run 2: 0.74
[0.6965798556636336, 0.5507646892566656, 0.904614551502727, 0.8930778739184178, 0.4351461311634504]
Avg. CV Score | random_forest Run 3: 0.70
[0.36773943722571206, 0.5867493472584856, 0.7628131223142228, 0.6542316258351893, 0.3702064286600753]
Avg. CV Score | random_forest Run 4: 0.55
[0.7364432248791324, 0.6102047475324252, 0.6551641913067175, 0.7321511281678026, 0.5956365342508602]
Avg. CV Score | random_forest Run 5: 0.67
[0.7673555253062739, 0.8145161290322581, 0.7923795431425137, 0.7599471498678747, 0.7325501594606596]
Avg. CV Score | random_forest Run 6: 0.77
[0.8073164620395891, 0.5149988550492329, 0.3730585604641325, 0.5111506362019428, 0.6108333333333333]
Avg. CV Score | random_forest Run 7: 0.56
[0.513799433709823, 0.580378154670129, 0.8357557170478032, 0.7344868735083532, 0.506091665055115]
Avg. CV Score | random_forest Run 8: 0.63
[0.8667486971627099, 0.6123584343333995, 0.9045205639053944, 0.8806883640552995, 0.5670267246202177]
Avg. CV Score | random_forest Run 9: 0.77
[0.7843570481661511, 0.6167137578787221, 0.6015875795248935, 0.583283078036425, 0.593045274573937]
Avg. CV Score | random_forest Run 10: 0.64
[0.7330090791180285, 0.8169469026548672, 0.900208830548926, 0.8056855521258588, 0.7443163495646565]
Avg. CV Score | random_forest Run 11: 0.80
[0.7720492197703994, 0.5320768209214425, 0.6185180659089984, 0.5148494395950622, 0.6329151105702656]
Avg. CV Score | random_forest Run 12: 0.61
[0.8934191080587672, 0.8532621533519157, 0.43836841124976716, 0.32141109479959074, 0.7977576958391727]
Avg. CV Score | random_forest Run 13: 0.66
[0.5656326246078773, 0.7810326041404744, 0.7531520882584712, 0.7301316597312232, 0.7781870527964774]
Avg. CV Score | random_forest Run 14: 0.72
[0.7819619553196195, 0.6647252295463889, 0.868462191254634, 0.8441521303974836, 0.824083164885937]
Avg. CV Score | random_forest Run 15: 0.80
[0.7171738224260108, 0.415712261079404, 0.3554782896643073, 0.8401788671745611, 0.6050977858695014]
Avg. CV Score | random_forest Run 16: 0.59
[0.530228084638637, 0.46181423139598043, 0.4788633748561709, 0.8341712151680551, 0.5649050795279631]
Avg. CV Score | random_forest Run 17: 0.57
[0.8989163922235207, 0.852864744462319, 0.8818670764502498, 0.7838213293438769, 0.8580391616105901]
Avg. CV Score | random_forest Run 18: 0.86
[0.7714710762716713, 0.7675286313934808, 0.8760653409090909, 0.705370002057472, 0.36065995286050995]
Avg. CV Score | random_forest Run 19: 0.70
[0.8315457413249211, 0.48093455352190795, 0.8817763638708568, 0.8092152025755739, 0.5119603172013184]
Avg. CV Score | random_forest Run 20: 0.70
[0.7884585948262667, 0.4940305870744943, 0.8622206734329398, 0.7652854977261243, 0.4695358002301817]
Avg. CV Score | random_forest Run 21: 0.68
[0.3265750744742341, 0.810551976318997, 0.8087937778177404, 0.7533971083813458, 0.7951271093096004]
Avg. CV Score | random_forest Run 22: 0.70
[0.7449791587722622, 0.49986841239555235, 0.7496758508914101, 0.5704093567251461, 0.3978934817170111]
Avg. CV Score | random_forest Run 23: 0.59
[0.4349559218091223, 0.6571955535616371, 0.6490363065889736, 0.6281665951051953, 0.6245210727969349]
Avg. CV Score | random_forest Run 24: 0.60
[0.8077649888335338, 0.8315524827152734, 0.821271608555523, 0.8200085052094408, 0.4492216456634544]
Avg. CV Score | random_forest Run 25: 0.75
[0.43867154517309315, 0.9002910664974998, 0.8645993245317777, 0.878828327771598, 0.5615102995015658]
Avg. CV Score | random_forest Run 26: 0.73
[0.8349707075259126, 0.8717639417277535, 0.9007713884992987, 0.8659584876651059, 0.8469750889679716]
Avg. CV Score | random_forest Run 27: 0.86
[0.7545356920816142, 0.7514659964968395, 0.8824566973577451, 0.776401591272608, 0.4768895592425004]
Avg. CV Score | random_forest Run 28: 0.73
[0.8738494411571335, 0.2866651259533164, 0.8208560859608949, 0.7403396910899797, 0.43732559437437213]
Avg. CV Score | random_forest Run 29: 0.63
[0.8086596800882515, 0.5837702302256668, 0.692790125934474, 0.3753265602322206, 0.7917738856146759]
Avg. CV Score | random_forest Run 30: 0.65
[0.7283977110157368, 0.6424343675417661, 0.738574473123372, 0.5248629351013643, 0.7159305513250076]
Avg. CV Score | random_forest Run 31: 0.67
[0.679749236118428, 0.4559970430604324, 0.8288275158493041, 0.5631811937108838, 0.5385792420888137]
Avg. CV Score | random_forest Run 32: 0.61
[0.7142186452045607, 0.7936862745098039, 0.5106810177413516, 0.5968353919431663, 0.48599898665765917]
Avg. CV Score | random_forest Run 33: 0.62
[0.831462113127001, 0.5852132753895978, 0.8353474831589993, 0.7051747723949243, 0.7922657994749833]
Avg. CV Score | random_forest Run 34: 0.75
[0.6978042581559102, 0.7210958904109589, 0.6511110101331394, 0.8716921163545913, 0.7981477083828069]
Avg. CV Score | random_forest Run 35: 0.75
[0.6269001346930921, 0.43251757654923356, 0.49657073695535237, 0.7444622602292298, 0.7252981049923309]
Avg. CV Score | random_forest Run 36: 0.61
[0.8486753480017961, 0.5093279550529425, 0.5148479169669886, 0.5061102831594635, 0.6002643070558492]
Avg. CV Score | random_forest Run 37: 0.60
[0.8770858420781008, 0.7217986175443597, 0.5494363156632286, 0.772991503949918, 0.5368105347017199]
Avg. CV Score | random_forest Run 38: 0.69
[0.6300876537337773, 0.5652713528150739, 0.6927987109568666, 0.7237576708346791, 0.34439765502435804]
Avg. CV Score | random_forest Run 39: 0.59
[0.8939180429513556, 0.4637266270473982, 0.45654759759218544, 0.744853861025816, 0.5344745601521635]
Avg. CV Score | random_forest Run 40: 0.62
[0.5223089159912128, 0.733738550504411, 0.7097296836360536, 0.5499574226511496, 0.7325841747285708]
Avg. CV Score | random_forest Run 41: 0.65
[0.6806773308346161, 0.5636073557813418, 0.7342014139373828, 0.6645786390265885, 0.811144229177016]
Avg. CV Score | random_forest Run 42: 0.69
[0.7496950087519227, 0.7675926364109602, 0.7836396912548739, 0.8687865345549521, 0.4766538351867693]
Avg. CV Score | random_forest Run 43: 0.73
[0.6720725938797181, 0.5035793881272371, 0.66871362449017, 0.7383246849518161, 0.7159538012438127]
Avg. CV Score | random_forest Run 44: 0.66
[0.8792196123732512, 0.8491405216973194, 0.8906366245084494, 0.9009615384615385, 0.9319269247498913]
Avg. CV Score | random_forest Run 45: 0.89
[0.6831597845601436, 0.7970861999190612, 0.7621560311667818, 0.8490386995626702, 0.46670171749036105]
Avg. CV Score | random_forest Run 46: 0.71
[0.8646681684283486, 0.8313090418353576, 0.47719514852204226, 0.7544299634091189, 0.564823289733975]
Avg. CV Score | random_forest Run 47: 0.70
[0.619782263799989, 0.8397899383514728, 0.4896481830027508, 0.47852380213986667, 0.44397572528123147]
Avg. CV Score | random_forest Run 48: 0.57
[0.5822915471957794, 0.5756554521048723, 0.8195506319238571, 0.5251633986928105, 0.506264599702697]
Avg. CV Score | random_forest Run 49: 0.60
[0.8333690757023375, 0.8907553995486944, 0.45354336308359705, 0.8742336661411806, 0.46835533357117376]
Avg. CV Score | random_forest Run 50: 0.70
[0.7354278627532038, 0.5324313014367416, 0.7614030887106429, 0.6087679925708095, 0.5730041358566237]
Avg. CV Score | random_forest Run 51: 0.64
[0.8122342614181868, 0.7642062447661203, 0.7870996342679818, 0.46458966565349546, 0.41484388044748705]
Avg. CV Score | random_forest Run 52: 0.65
[0.3310132158590308, 0.7413700107874865, 0.4972457697001682, 0.8732594356907292, 0.5070916178060205]
Avg. CV Score | random_forest Run 53: 0.59
[0.818833915762369, 0.5463562815783763, 0.49092958540279685, 0.8808366204935327, 0.5540217762198716]
Avg. CV Score | random_forest Run 54: 0.66
[0.8667205553706433, 0.6985385643815407, 0.4093895270659649, 0.8110823616384959, 0.835274486901385]
Avg. CV Score | random_forest Run 55: 0.72
[0.8930417495029821, 0.9055665326701642, 0.8544822448472809, 0.9403734189921702, 0.8872465184461276]
Avg. CV Score | random_forest Run 56: 0.90
[0.7898402294141745, 0.7531508822470292, 0.8085987261146497, 0.8489550214082835, 0.664373232799246]
Avg. CV Score | random_forest Run 57: 0.77
[0.8917357735201601, 0.4507970798569726, 0.44977975172012086, 0.6753935241823669, 0.8043005985369098]
Avg. CV Score | random_forest Run 58: 0.65
[0.8756590855434013, 0.5912717313646106, 0.8538450334983979, 0.6068040195362937, 0.6235109717868339]
Avg. CV Score | random_forest Run 59: 0.71
[0.8377198963589254, 0.4767732867084919, 0.48900027847396266, 0.7432078889112498, 0.4964179626070243]
Avg. CV Score | random_forest Run 60: 0.61
[0.8332780798302613, 0.6919600173837462, 0.5700522442559407, 0.7689401186148842, 0.5028502947463885]
Avg. CV Score | random_forest Run 61: 0.67
[0.8545524100994645, 0.8665663136390517, 0.6474140823467383, 0.6327041602465331, 0.6775781769793746]
Avg. CV Score | random_forest Run 62: 0.74
[0.6028866311885179, 0.7658609333250481, 0.6600815747472957, 0.8404342581423402, 0.5812864016206635]
Avg. CV Score | random_forest Run 63: 0.69
[0.6519117720946591, 0.7195035902544308, 0.6110923042202663, 0.6908337648886588, 0.6951799327813756]
Avg. CV Score | random_forest Run 64: 0.67
[0.8232799890575845, 0.5161025303976339, 0.819776086766378, 0.9039034161658817, 0.8767619636781406]
Avg. CV Score | random_forest Run 65: 0.79
[0.5249486448876814, 0.561989699786459, 0.6675153727901614, 0.46590741014642806, 0.5583268883732921]
Avg. CV Score | random_forest Run 66: 0.56
[0.7701054713249835, 0.8830835117773019, 0.7881029273882696, 0.798613037447989, 0.5430137495354886]
Avg. CV Score | random_forest Run 67: 0.76
[0.7489022605301675, 0.6011214123133293, 0.8476307909106923, 0.5669001105786952, 0.4214617727199872]
Avg. CV Score | random_forest Run 68: 0.64
[0.7933155193620902, 0.679891881455739, 0.570028953294534, 0.459810214903712, 0.5558976163250946]
Avg. CV Score | random_forest Run 69: 0.61
[0.8448741007194245, 0.49100366396231354, 0.7878661957199252, 0.6002648050072219, 0.42182192878678015]
Avg. CV Score | random_forest Run 70: 0.63
[0.7582181841125623, 0.4983168316831683, 0.5524686830756593, 0.36798520324519735, 0.7973504273504274]
Avg. CV Score | random_forest Run 71: 0.59
[0.8983317595215612, 0.7719197408297628, 0.8198556249493065, 0.7211020577268333, 0.5529450895016933]
Avg. CV Score | random_forest Run 72: 0.75
[0.9065164078010043, 0.8913472070098576, 0.7642276422764228, 0.8188261826773344, 0.44803063457330417]
Avg. CV Score | random_forest Run 73: 0.77
[0.6859269932756964, 0.6871602624179943, 0.6937684625123084, 0.7382490712324342, 0.5695095461301017]
Avg. CV Score | random_forest Run 74: 0.67
[0.7622332118688183, 0.8683911822689527, 0.3627612412919569, 0.7099800966733011, 0.3277639046538025]
Avg. CV Score | random_forest Run 75: 0.61
[0.8969461530160786, 0.6395991000204541, 0.7002779367285212, 0.8837209302325582, 0.6392594471214811]
Avg. CV Score | random_forest Run 76: 0.75
[0.6860342857142857, 0.7498999439686225, 0.5599977586641638, 0.538201858156847, 0.5788177339901478]
Avg. CV Score | random_forest Run 77: 0.62
[0.8279427359490986, 0.7910165909806214, 0.8218103590931657, 0.4625949940737642, 0.40582272512965584]
Avg. CV Score | random_forest Run 78: 0.66
[0.8198242791733696, 0.8989980845734492, 0.6266747868453106, 0.6516192345436702, 0.440810227461398]
Avg. CV Score | random_forest Run 79: 0.69
[0.8561096569775452, 0.7802690582959642, 0.7536402789171452, 0.7917752678830003, 0.875]
Avg. CV Score | random_forest Run 80: 0.81
[0.7886810212966231, 0.4475678406466513, 0.8319930449902195, 0.7502503616334706, 0.7475935243929118]
Avg. CV Score | random_forest Run 81: 0.71
[0.6963226571767497, 0.5805386927565274, 0.4466468332198287, 0.7319859824300322, 0.6714648189714063]
Avg. CV Score | random_forest Run 82: 0.63
[0.5313101089976491, 0.7776665832707864, 0.7223533113103665, 0.7291595314747585, 0.46512710347296815]
Avg. CV Score | random_forest Run 83: 0.65
[0.6507200794570436, 0.698121508072676, 0.7351959394576798, 0.7116175798341279, 0.40862647513478867]
Avg. CV Score | random_forest Run 84: 0.64
[0.742414744232698, 0.5150543629774185, 0.626614217030238, 0.5143024219092637, 0.8261432618373128]
Avg. CV Score | random_forest Run 85: 0.64
[0.8653133683235567, 0.6219468665544847, 0.6480643778867673, 0.5513208308126638, 0.758753450530292]
Avg. CV Score | random_forest Run 86: 0.69
[0.36806278182448837, 0.7605539538714992, 0.7508948487835244, 0.8548726953467954, 0.818531045137584]
Avg. CV Score | random_forest Run 87: 0.71
[0.8768015216914186, 0.776852579209217, 0.3567804239299452, 0.337565378775097, 0.3681339591526069]
Avg. CV Score | random_forest Run 88: 0.54
[0.8409465020576131, 0.5994039535234646, 0.5072596668195017, 0.8023601009351343, 0.7664220294777704]
Avg. CV Score | random_forest Run 89: 0.70
[0.6334585793522992, 0.7154525653436592, 0.5308683366061593, 0.5675756157740247, 0.8633475161629]
Avg. CV Score | random_forest Run 90: 0.66
[0.5776109775406086, 0.5875814057938469, 0.6836791404223787, 0.8469239587313718, 0.6693033024981008]
Avg. CV Score | random_forest Run 91: 0.67
[0.5132033279621164, 0.51758114374034, 0.8935384840289452, 0.4854592370458191, 0.7246376811594203]
Avg. CV Score | random_forest Run 92: 0.63
[0.7673998824615901, 0.7419066842636441, 0.7927817221918806, 0.48350934755118086, 0.7549568146015536]
Avg. CV Score | random_forest Run 93: 0.71
[0.8393538652702582, 0.5492298578199052, 0.7254621298871258, 0.7630343885997098, 0.5087758135416337]
Avg. CV Score | random_forest Run 94: 0.68
[0.6068376068376068, 0.7550283330219815, 0.5885277406417112, 0.7878333977580209, 0.6574811327286575]
Avg. CV Score | random_forest Run 95: 0.68
[0.8527587779297766, 0.8427741715066621, 0.7464799510254055, 0.49413153235853385, 0.7454238242748522]
Avg. CV Score | random_forest Run 96: 0.74
[0.6208762886597938, 0.7374806708695135, 0.7358235823582359, 0.8502078583880918, 0.6835478851322676]
Avg. CV Score | random_forest Run 97: 0.73
[0.31615248392208034, 0.7971734516689176, 0.646001842940514, 0.7893178635727145, 0.6767702367073851]
Avg. CV Score | random_forest Run 98: 0.65
[0.575489802293926, 0.8681496035365939, 0.5750207360195574, 0.7948688182029254, 0.6473913205161578]
Avg. CV Score | random_forest Run 99: 0.69
[0.7261823633637726, 0.8626714565643371, 0.8363300285666274, 0.809673418768086, 0.8791458427987279]
Avg. CV Score | decision_tree Run 0: 0.82
[0.7493495229835212, 0.3613438509012139, 0.3984375, 0.5939368061485909, 0.7582134199804013]
Avg. CV Score | decision_tree Run 1: 0.57
[0.7688400250504488, 0.8166898954703833, 0.34689759542626536, 0.5457549058870644, 0.7906348788198103]
Avg. CV Score | decision_tree Run 2: 0.65
[0.9009256353937872, 0.5492572935967088, 0.9085986152477469, 0.8791480460207284, 0.43555671680788327]
Avg. CV Score | decision_tree Run 3: 0.73
[0.3564667412442991, 0.6031331592689295, 0.7695734199769416, 0.6405902004454342, 0.37392959086584204]
Avg. CV Score | decision_tree Run 4: 0.55
[0.7069776558212466, 0.6016396117138428, 0.6543466412317754, 0.729041222788328, 0.5927822959024085]
Avg. CV Score | decision_tree Run 5: 0.66
[0.7773171637173617, 0.8084323712507074, 0.8062054933875891, 0.60079275198188, 0.7437729603164991]
Avg. CV Score | decision_tree Run 6: 0.75
[0.8158356301678777, 0.5117013968399359, 0.3688281863781954, 0.5215487754822821, 0.6101190476190477]
Avg. CV Score | decision_tree Run 7: 0.57
[0.52185817853698, 0.5769157943141551, 0.8392226148409894, 0.8242094272076372, 0.5039644169406304]
Avg. CV Score | decision_tree Run 8: 0.65
[0.8626230457440649, 0.6044108881382873, 0.9025981591518117, 0.8789602534562212, 0.5650040883074408]
Avg. CV Score | decision_tree Run 9: 0.76
[0.7926056856679924, 0.6132362529884807, 0.5631237961828051, 0.5844892051622241, 0.603488839157629]
Avg. CV Score | decision_tree Run 10: 0.63
[0.7342412451361867, 0.8185840707964602, 0.8955847255369929, 0.23070795579010256, 0.8295711060948081]
Avg. CV Score | decision_tree Run 11: 0.70
[0.7711555647212484, 0.5319746654408009, 0.6173774899181229, 0.5181550539744848, 0.6321178297175948]
Avg. CV Score | decision_tree Run 12: 0.61
[0.8972441971659567, 0.8604903859781736, 0.436245110821382, 0.31656212464967304, 0.8073261489392548]
Avg. CV Score | decision_tree Run 13: 0.66
[0.5555942837225514, 0.7763808565920711, 0.3875098502758077, 0.6952725288218842, 0.7753503535289386]
Avg. CV Score | decision_tree Run 14: 0.64
[0.7887635478876355, 0.6618473345210361, 0.857385323149761, 0.7442808121246783, 0.7840023101357205]
Avg. CV Score | decision_tree Run 15: 0.77
[0.7152459358065861, 0.4109242731834374, 0.3568028477999917, 0.8423318979794634, 0.6274152816115581]
Avg. CV Score | decision_tree Run 16: 0.59
[0.5346248969497115, 0.47430744160782184, 0.47601180649357144, 0.835966676242459, 0.5656747049769112]
Avg. CV Score | decision_tree Run 17: 0.58
[0.8954637203866992, 0.8453161737408736, 0.7263414009476246, 0.7489848258174824, 0.8671400992829564]
Avg. CV Score | decision_tree Run 18: 0.82
[0.7597413743777536, 0.7541586775146396, 0.8671875, 0.854330978670873, 0.6999357188772231]
Avg. CV Score | decision_tree Run 19: 0.79
[0.8277602523659306, 0.4813158624514698, 0.8814324405657539, 0.4788644060709955, 0.5111444701889502]
Avg. CV Score | decision_tree Run 20: 0.64
[0.8129496402877698, 0.49547771748067754, 0.8471490177287974, 0.7780192016169782, 0.2909008474871831]
Avg. CV Score | decision_tree Run 21: 0.64
[0.3156373660575341, 0.805415288176911, 0.7889223575956481, 0.7560604413523209, 0.30647222099836985]
Avg. CV Score | decision_tree Run 22: 0.59
[0.7701510312347751, 0.5029607211000724, 0.8423419773095624, 0.5696491228070175, 0.3935214626391097]
Avg. CV Score | decision_tree Run 23: 0.62
[0.43365274051360675, 0.6576940331987439, 0.6655211912943871, 0.6197509660798626, 0.6343185550082102]
Avg. CV Score | decision_tree Run 24: 0.60
[0.7867491267250759, 0.8406138696836372, 0.7465572809844712, 0.5956836062088029, 0.4552578629672773]
Avg. CV Score | decision_tree Run 25: 0.69
[0.44255558682803264, 0.7668482722591238, 0.6963463309794289, 0.8676307007786429, 0.5548939173393321]
Avg. CV Score | decision_tree Run 26: 0.67
[0.8666065795403335, 0.889950821193282, 0.8714352501168771, 0.8712698301768118, 0.8276717351450448]
Avg. CV Score | decision_tree Run 27: 0.87
[0.7599050471938055, 0.7433173406442769, 0.8781881680601121, 0.7948980847311652, 0.4865426512485336]
Avg. CV Score | decision_tree Run 28: 0.73
[0.8911078238001315, 0.2856482551421308, 0.8190945922141977, 0.8684658934755125, 0.8810135059716486]
Avg. CV Score | decision_tree Run 29: 0.75
[0.7873138444567016, 0.5844255755641669, 0.6808991019015603, 0.3737093095583662, 0.7868348966547688]
Avg. CV Score | decision_tree Run 30: 0.64
[0.7608726752503576, 0.6650119331742244, 0.6744612834477859, 0.5132602320540609, 0.6937557112397198]
Avg. CV Score | decision_tree Run 31: 0.66
[0.6850173848909493, 0.4650157087414526, 0.8239087663047439, 0.5588765074034499, 0.53281677301732]
Avg. CV Score | decision_tree Run 32: 0.61
[0.712541918175721, 0.7891764705882353, 0.5095618972384056, 0.5932832808589651, 0.3826042898159095]
Avg. CV Score | decision_tree Run 33: 0.60
[0.3378014941302028, 0.5799540509867965, 0.8434717849768119, 0.7022029341006651, 0.7893664537867805]
Avg. CV Score | decision_tree Run 34: 0.65
[0.7019707512186992, 0.7238356164383561, 0.6492479665560957, 0.8689974435155117, 0.7005461885537877]
Avg. CV Score | decision_tree Run 35: 0.73
[0.5774485279969213, 0.4433132275538822, 0.4981172673480366, 0.7464813825048994, 0.7347978823412993]
Avg. CV Score | decision_tree Run 36: 0.60
[0.8488998652896274, 0.5339624000576244, 0.5114602854259767, 0.49895678092399404, 0.5993449781659389]
Avg. CV Score | decision_tree Run 37: 0.60
[0.8777739549286083, 0.6365709399273142, 0.5421443991364836, 0.7607691161126845, 0.5339050564693754]
Avg. CV Score | decision_tree Run 38: 0.67
[0.6285248352245703, 0.5877242468690059, 0.648116013882003, 0.7443362709361879, 0.34753529848897696]
Avg. CV Score | decision_tree Run 39: 0.59
[0.8934671100839863, 0.8136324104942745, 0.4565115524636845, 0.7422381439781645, 0.6188619432556665]
Avg. CV Score | decision_tree Run 40: 0.70
[0.5252632376335126, 0.7328521379426787, 0.6889229982092607, 0.908103888731195, 0.7354991339613873]
Avg. CV Score | decision_tree Run 41: 0.72
[0.7031657854226625, 0.55761748817421, 0.7362573943153946, 0.7128436232537179, 0.8072942540155655]
Avg. CV Score | decision_tree Run 42: 0.70
[0.7442847292208137, 0.6094363731011311, 0.7879764462481101, 0.8565150698561419, 0.4731608212147134]
Avg. CV Score | decision_tree Run 43: 0.69
[0.8157158026836567, 0.49962855406226786, 0.6851198386875028, 0.25864838151717323, 0.6144815331894911]
Avg. CV Score | decision_tree Run 44: 0.57
[0.8762674881273264, 0.8559923067676404, 0.8875544691253056, 0.9001748251748252, 0.6073292735972162]
Avg. CV Score | decision_tree Run 45: 0.83
[0.6748294434470377, 0.796195872116552, 0.7590985304270638, 0.8629424870038782, 0.8845425867507887]
Avg. CV Score | decision_tree Run 46: 0.80
[0.7204412868942414, 0.8318151147098516, 0.4736364296608323, 0.7536899231180364, 0.5624021966990463]
Avg. CV Score | decision_tree Run 47: 0.67
[0.7618578696865255, 0.796559859958901, 0.47060952656725064, 0.45340362846953014, 0.4435316755476613]
Avg. CV Score | decision_tree Run 48: 0.59
[0.5935313682761785, 0.5712000913920147, 0.7961460446247465, 0.3417211328976035, 0.5131308841226021]
Avg. CV Score | decision_tree Run 49: 0.56
[0.7999678318678962, 0.892188115620187, 0.4521921558866408, 0.8549658434051498, 0.4593292900463789]
Avg. CV Score | decision_tree Run 50: 0.69
[0.7310183271324239, 0.5255033244990003, 0.7467376990302885, 0.7985605943352422, 0.5698291348122154]
Avg. CV Score | decision_tree Run 51: 0.67
[0.8204635852420793, 0.7828687642062447, 0.7735786323839078, 0.6941489361702128, 0.409250292202371]
Avg. CV Score | decision_tree Run 52: 0.70
[0.3274008810572687, 0.7975188781014024, 0.49978559883893525, 0.8594265298644193, 0.5005404697173179]
Avg. CV Score | decision_tree Run 53: 0.60
[0.8264668015449697, 0.8399615634977217, 0.4893444644052274, 0.8906522337400239, 0.5521605608462326]
Avg. CV Score | decision_tree Run 54: 0.72
[0.8632494888497931, 0.6215942095800101, 0.4076991048445964, 0.7302328707281831, 0.8290672451193059]
Avg. CV Score | decision_tree Run 55: 0.69
[0.8945659377070908, 0.9046126592627921, 0.8462875589769059, 0.7345914475005019, 0.7554361104324456]
Avg. CV Score | decision_tree Run 56: 0.83
[0.5378943056124539, 0.7527907814187973, 0.806900212314225, 0.8423841621094578, 0.6614043355325165]
Avg. CV Score | decision_tree Run 57: 0.72
[0.8889905633400057, 0.4512067938021454, 0.447085805817467, 0.6486420357230243, 0.886898692086012]
Avg. CV Score | decision_tree Run 58: 0.66
[0.8731407885417486, 0.5766849249821386, 0.83993591610836, 0.6062426317857744, 0.6224137931034482]
Avg. CV Score | decision_tree Run 59: 0.70
[0.8264921132778763, 0.4762590421337722, 0.48113338902812586, 0.752800697658818, 0.49533461471256335]
Avg. CV Score | decision_tree Run 60: 0.61
[0.8433894708924545, 0.7990004345936549, 0.5653334082354924, 0.6924143868375742, 0.5074496339962428]
Avg. CV Score | decision_tree Run 61: 0.68
[0.7799540933435348, 0.8689317778614053, 0.6521113933758328, 0.6266852850539292, 0.6776225327123531]
Avg. CV Score | decision_tree Run 62: 0.72
[0.6059909691985164, 0.7649288510532529, 0.6673169001596028, 0.840627261761158, 0.5931037393432936]
Avg. CV Score | decision_tree Run 63: 0.69
[0.6369893985831282, 0.8200307143153613, 0.6070864364703227, 0.6849959983051646, 0.6920649233543733]
Avg. CV Score | decision_tree Run 64: 0.69
[0.8118816395385948, 0.5244166940519225, 0.816845972185778, 0.9165719235558443, 0.8723432459900137]
Avg. CV Score | decision_tree Run 65: 0.79
[0.5272679080246504, 0.5465393794749404, 0.6690046118370484, 0.4605088004733028, 0.555748904356793]
Avg. CV Score | decision_tree Run 66: 0.55
[0.7747747747747747, 0.8877087794432548, 0.7714866131888738, 0.796005547850208, 0.91864858169206]
Avg. CV Score | decision_tree Run 67: 0.83
[0.7383314360058546, 0.6003441958585466, 0.8303681521930597, 0.5693574149158374, 0.41665330982529253]
Avg. CV Score | decision_tree Run 68: 0.63
[0.7920006786274759, 0.3087653248383049, 0.5527154680782617, 0.45667038794306447, 0.5457237517225203]
Avg. CV Score | decision_tree Run 69: 0.53
[0.8661196043165468, 0.4905456686731222, 0.7813837523374195, 0.5970751083293211, 0.42590543067587683]
Avg. CV Score | decision_tree Run 70: 0.63
[0.746797905230614, 0.49656765676567655, 0.5483028720626631, 0.36495859430829375, 0.8076495726495726]
Avg. CV Score | decision_tree Run 71: 0.59
[0.8924693106704438, 0.7754728811788065, 0.8277638089058318, 0.888136997652258, 0.5505261248185777]
Avg. CV Score | decision_tree Run 72: 0.79
[0.9058157187901437, 0.45538517707192405, 0.778738293712051, 0.813295387424153, 0.4361779722830051]
Avg. CV Score | decision_tree Run 73: 0.68
[0.6951008645533141, 0.6858013120899719, 0.6892671261780842, 0.7352204813438863, 0.5580198925345833]
Avg. CV Score | decision_tree Run 74: 0.67
[0.75, 0.8758587729255033, 0.35993244669622126, 0.7108330963889679, 0.3186379114642452]
Avg. CV Score | decision_tree Run 75: 0.60
[0.8996978525952304, 0.6382184495806913, 0.6981934112646121, 0.9007513416815742, 0.6128328683743343]
Avg. CV Score | decision_tree Run 76: 0.75
[0.6928, 0.742375730409029, 0.5550107864287115, 0.537567084078712, 0.5710964742347927]
Avg. CV Score | decision_tree Run 77: 0.62
[0.8098157476139979, 0.7903871228811654, 0.83551216283303, 0.46095656417764763, 0.40574414584315577]
Avg. CV Score | decision_tree Run 78: 0.66
[0.863506991708947, 0.884558715190806, 0.6212806681746998, 0.650883218842002, 0.43649344180640876]
Avg. CV Score | decision_tree Run 79: 0.69
[0.7538228406116545, 0.9120021102611449, 0.7670221493027072, 0.7938990250024134, 0.8833153055705787]
Avg. CV Score | decision_tree Run 80: 0.82
[0.3435698317449112, 0.44579965357967666, 0.8478591610519453, 0.7213753199065317, 0.7434368847079413]
Avg. CV Score | decision_tree Run 81: 0.62
[0.6559207312818366, 0.5871986797901809, 0.44170041936986987, 0.7292496759637079, 0.33936761979115837]
Avg. CV Score | decision_tree Run 82: 0.55
[0.5085132150744461, 0.7345509131848886, 0.6707042105815112, 0.709706144256456, 0.4655567490153956]
Avg. CV Score | decision_tree Run 83: 0.62
[0.6303592120509849, 0.6990453565615239, 0.7050162330239151, 0.7073728204793313, 0.40561022508765976]
Avg. CV Score | decision_tree Run 84: 0.63
[0.7416624874623872, 0.5168664622247003, 0.6271705010529662, 0.5126455825739487, 0.8214488061513557]
Avg. CV Score | decision_tree Run 85: 0.64
[0.8476381599259031, 0.6305644791188618, 0.6479215275463073, 0.5182496471062714, 0.7636931570536103]
Avg. CV Score | decision_tree Run 86: 0.68
[0.34408602150537637, 0.7902079901153213, 0.7509467240753229, 0.8040825285338016, 0.9139838824168024]
Avg. CV Score | decision_tree Run 87: 0.72
[0.8743872997293145, 0.7702016234616391, 0.3599721744823635, 0.336721781677071, 0.3160387331388219]
Avg. CV Score | decision_tree Run 88: 0.53
[0.814883401920439, 0.5971027614305116, 0.5025217790004585, 0.4350601157785364, 0.7014011039000425]
Avg. CV Score | decision_tree Run 89: 0.61
[0.6330291644301306, 0.7060745401742498, 0.525456200009579, 0.5604288084400392, 0.8753384538873846]
Avg. CV Score | decision_tree Run 90: 0.66
[0.5800738872925585, 0.5878621154278015, 0.655196369025565, 0.8239205196790218, 0.6643428520355722]
Avg. CV Score | decision_tree Run 91: 0.66
[0.83541056923937, 0.5168083462132921, 0.9002631386594547, 0.4842736592509938, 0.889120033284793]
Avg. CV Score | decision_tree Run 92: 0.73
[0.7609352699185626, 0.8478379007841006, 0.7937829965410522, 0.4892853480980211, 0.7490901189635505]
Avg. CV Score | decision_tree Run 93: 0.73
[0.8389100914174137, 0.547659952606635, 0.7190413872075904, 0.7291577779674033, 0.505739856424528]
Avg. CV Score | decision_tree Run 94: 0.67
[0.5965060580445196, 0.7536583847063951, 0.7887282754010695, 0.27942597603401625, 0.6547116250086548]
Avg. CV Score | decision_tree Run 95: 0.61
[0.8521203830369357, 0.8417833959685685, 0.7448729721456994, 0.4880991410399318, 0.7409743734159392]
Avg. CV Score | decision_tree Run 96: 0.73
[0.6181443298969073, 0.7760199833472107, 0.7070207020702071, 0.8803137991149256, 0.6855283632762768]
Avg. CV Score | decision_tree Run 97: 0.73
[0.3107465747040731, 0.7985722554505112, 0.6449267943073616, 0.7327065413082616, 0.8063257134167976]
Avg. CV Score | decision_tree Run 98: 0.66
[0.5756683179363592, 0.8148200126306926, 0.5788623564849172, 0.7924309263988856, 0.6453460265516344]
Avg. CV Score | decision_tree Run 99: 0.68
[0.7314978874199264, 0.8543435662965382, 0.838094437909595, 0.8492765605622158, 0.8761472058155384]
Avg. CV Score | gradient_boost Run 0: 0.83
[0.7523850823937555, 0.3625699922344382, 0.4013914800995025, 0.592289862144687, 0.7491876837382021]
Avg. CV Score | gradient_boost Run 1: 0.57
[0.7711363161923318, 0.6776306620209059, 0.9376716551762794, 0.5414997997597116, 0.7760800842992623]
Avg. CV Score | gradient_boost Run 2: 0.74
[0.6955600878569187, 0.5506390729516691, 0.9052334351912737, 0.8952648093562803, 0.4388787279310216]
Avg. CV Score | gradient_boost Run 3: 0.70
[0.36773943722571206, 0.5867493472584856, 0.7626559060895084, 0.6432813659985153, 0.37670127828569067]
Avg. CV Score | gradient_boost Run 4: 0.55
[0.7469619756958056, 0.6100823884493025, 0.6551301267202616, 0.7272546814001191, 0.5955583359399437]
Avg. CV Score | gradient_boost Run 5: 0.67
[0.7670461576537557, 0.8132899452933409, 0.7923795431425137, 0.7599848999622499, 0.7345282790359695]
Avg. CV Score | gradient_boost Run 6: 0.77
[0.8112419610790946, 0.515136249141287, 0.37360246570375294, 0.511561089068272, 0.6106746031746032]
Avg. CV Score | gradient_boost Run 7: 0.56
[0.5139550079342855, 0.5797289621033839, 0.8386225748383226, 0.7344868735083532, 0.5060272029910398]
Avg. CV Score | gradient_boost Run 8: 0.63
[0.8664591777649102, 0.612318696602424, 0.9046370732843994, 0.882272465437788, 0.5663381675775703]
Avg. CV Score | gradient_boost Run 9: 0.77
[0.782442185888938, 0.6163334057813519, 0.5996614720130742, 0.5844288988059342, 0.593963390141734]
Avg. CV Score | gradient_boost Run 10: 0.64
[0.7354734111543451, 0.8171238938053097, 0.9000596658711217, 0.812307079557901, 0.7442760399871009]
Avg. CV Score | gradient_boost Run 11: 0.80
[0.773149102907816, 0.5319235877004801, 0.6185180659089984, 0.5148494395950622, 0.6349712559271538]
Avg. CV Score | gradient_boost Run 12: 0.61
[0.8933321742154221, 0.8531676666509189, 0.43821940771093315, 0.3279505316072779, 0.7976127192770502]
Avg. CV Score | gradient_boost Run 13: 0.66
[0.570233530846985, 0.7836727851814601, 0.7528237457315472, 0.7283580053209632, 0.7782293915915153]
Avg. CV Score | gradient_boost Run 14: 0.72
[0.7820172528201725, 0.6648622721666438, 0.8682388673009067, 0.8431512725193022, 0.8230436038117239]
Avg. CV Score | gradient_boost Run 15: 0.80
[0.7174864526886202, 0.4167464664649328, 0.35543689722256716, 0.8400132494203378, 0.6053914371292652]
Avg. CV Score | gradient_boost Run 16: 0.59
[0.5301364843821563, 0.4612167300380228, 0.4788633748561709, 0.8348893995978167, 0.5649050795279631]
Avg. CV Score | gradient_boost Run 17: 0.57
[0.8988632741952619, 0.852864744462319, 0.8818030477653989, 0.7859585381491772, 0.8601075565361279]
Avg. CV Score | gradient_boost Run 18: 0.86
[0.7708988956914802, 0.7706897445198736, 0.8829900568181818, 0.7045470132364036, 0.3608742232697664]
Avg. CV Score | gradient_boost Run 19: 0.70
[0.8108517350157729, 0.48162784248474766, 0.881733373457719, 0.814483421833842, 0.5123192898867605]
Avg. CV Score | gradient_boost Run 20: 0.70
[0.7885351293433338, 0.4940305870744943, 0.852593980049658, 0.7651339060131379, 0.468419767725735]
Avg. CV Score | gradient_boost Run 21: 0.67
[0.3265750744742341, 0.810551976318997, 0.8080744503888864, 0.7543211218610718, 0.794069700841521]
Avg. CV Score | gradient_boost Run 22: 0.70
[0.743950630650138, 0.49980261859332853, 0.7495542949756888, 0.5703801169590643, 0.39534976152623214]
Avg. CV Score | gradient_boost Run 23: 0.59
[0.4359524722115753, 0.6565973779971088, 0.6487374869266398, 0.62825246887076, 0.6244663382594418]
Avg. CV Score | gradient_boost Run 24: 0.60
[0.7946515489892917, 0.8315001047559187, 0.8276198847543705, 0.8201148203274505, 0.44939814324543753]
Avg. CV Score | gradient_boost Run 25: 0.74
[0.43895299746692934, 0.9039480558250615, 0.8678999078906969, 0.8791249536522061, 0.5617749547880552]
Avg. CV Score | gradient_boost Run 26: 0.73
[0.8324470482199189, 0.8713927809223346, 0.8811360448807855, 0.8666573485219093, 0.8432006901757791]
Avg. CV Score | gradient_boost Run 27: 0.86
[0.7546487311366077, 0.7518848526387937, 0.8811867216989452, 0.7686092769552557, 0.4816155522037875]
Avg. CV Score | gradient_boost Run 28: 0.73
[0.8736850756081526, 0.2867113473538248, 0.8323645117726499, 0.7403396910899797, 0.4368419094392975]
Avg. CV Score | gradient_boost Run 29: 0.63
[0.8086045228902372, 0.5812058354228402, 0.6924389142541769, 0.3758241758241758, 0.7923549431393708]
Avg. CV Score | gradient_boost Run 30: 0.65
[0.7301859799713877, 0.6424343675417661, 0.7328913094956192, 0.5248629351013643, 0.720682302771855]
Avg. CV Score | gradient_boost Run 31: 0.67
[0.6795911916552524, 0.45666235446313064, 0.8290461269401734, 0.5631811937108838, 0.5384490167990624]
Avg. CV Score | gradient_boost Run 32: 0.61
[0.7134808853118713, 0.7903137254901961, 0.5101543727987887, 0.5906999273431823, 0.4852220908630299]
Avg. CV Score | gradient_boost Run 33: 0.62
[0.8333831376734259, 0.5802308522711546, 0.8347043092650892, 0.7054106325770083, 0.7913254711436744]
Avg. CV Score | gradient_boost Run 34: 0.75
[0.6970542894046081, 0.7229223744292237, 0.6510201299586496, 0.870517515373454, 0.7991450961766802]
Avg. CV Score | gradient_boost Run 35: 0.75
[0.6255532037714066, 0.43251757654923356, 0.49660435718128026, 0.7450561197220738, 0.7224778585918559]
Avg. CV Score | gradient_boost Run 36: 0.60
[0.8483759916180212, 0.5093999855938918, 0.515424535101629, 0.5080476900149031, 0.6002643070558492]
Avg. CV Score | gradient_boost Run 37: 0.60
[0.8752795458455187, 0.7222974417444595, 0.5492444231230511, 0.7728424504397079, 0.5368573972538544]
Avg. CV Score | gradient_boost Run 38: 0.69
[0.640619691513216, 0.5754259280153446, 0.6801561725334655, 0.7237115304757071, 0.3445627941540748]
Avg. CV Score | gradient_boost Run 39: 0.59
[0.8933543768671439, 0.46387157559066533, 0.4568359586201925, 0.7445695439554191, 0.534252654937391]
Avg. CV Score | gradient_boost Run 40: 0.62
[0.5098856147261571, 0.7341184416022962, 0.7100707768397715, 0.5498154981549815, 0.7324996831566051]
Avg. CV Score | gradient_boost Run 41: 0.65
[0.681346630078308, 0.5634953956391524, 0.7343096234309623, 0.6645335736818386, 0.8114340122536844]
Avg. CV Score | gradient_boost Run 42: 0.69
[0.7496950087519227, 0.7720410770905305, 0.7834407575395879, 0.8678330085817337, 0.4766181921870545]
Avg. CV Score | gradient_boost Run 43: 0.73
[0.6715416545998648, 0.5050651718781657, 0.6749461527885982, 0.7384482332592044, 0.7158268815839574]
Avg. CV Score | gradient_boost Run 44: 0.66
[0.8788345526890001, 0.8487799014304603, 0.8898926559676905, 0.8995629370629371, 0.9326881252718573]
Avg. CV Score | gradient_boost Run 45: 0.89
[0.6831597845601436, 0.7965196276811007, 0.7620574021106618, 0.8557636768710289, 0.4668769716088328]
Avg. CV Score | gradient_boost Run 46: 0.71
[0.8644371281695835, 0.8327850877192983, 0.4771588350642748, 0.754224396661596, 0.5647051876347102]
Avg. CV Score | gradient_boost Run 47: 0.70
[0.620876415558838, 0.8400943755232514, 0.4900101346460113, 0.4773608311366103, 0.44486382474837183]
Avg. CV Score | gradient_boost Run 48: 0.57
[0.5836678518178691, 0.5755983320957332, 0.8222811671087533, 0.5233115468409586, 0.5061938132653784]
Avg. CV Score | gradient_boost Run 49: 0.60
[0.8312781471155908, 0.8907195816469071, 0.45354336308359705, 0.8746715712033631, 0.4683196575098109]
Avg. CV Score | gradient_boost Run 50: 0.70
[0.7346699738183823, 0.5270377086529967, 0.7614629474440321, 0.608806686271475, 0.572962359527092]
Avg. CV Score | gradient_boost Run 51: 0.64
[0.8071595117267865, 0.7634884555568848, 0.7853263881192508, 0.464209726443769, 0.41509433962264153]
Avg. CV Score | gradient_boost Run 52: 0.65
[0.33233480176211455, 0.7405609492988133, 0.4975426328462579, 0.871931110296812, 0.5093190081561794]
Avg. CV Score | gradient_boost Run 53: 0.59
[0.8318006253448593, 0.5472242025975637, 0.49085913558068267, 0.8809742225483901, 0.5543319787821447]
Avg. CV Score | gradient_boost Run 54: 0.66
[0.8670533973657933, 0.7025955465400396, 0.40950478312651273, 0.8071507779159246, 0.8352077423660937]
Avg. CV Score | gradient_boost Run 55: 0.72
[0.8931080185553346, 0.9048851945220413, 0.8551444416852909, 0.9399217024693837, 0.88700219887613]
Avg. CV Score | gradient_boost Run 56: 0.90
[0.8223064317902499, 0.755371504021126, 0.8116772823779194, 0.8483191317987198, 0.6642318567389256]
Avg. CV Score | gradient_boost Run 57: 0.78
[0.8915070060051473, 0.45083432657926104, 0.4506170592304052, 0.6760459995106435, 0.8043449346043006]
Avg. CV Score | gradient_boost Run 58: 0.65
[0.881246557015818, 0.5891879018814004, 0.8467084182930381, 0.6066917419861899, 0.6229362591431556]
Avg. CV Score | gradient_boost Run 59: 0.71
[0.8375380699122688, 0.47684185265178786, 0.49028822055137844, 0.7439457972764473, 0.4968373230822995]
Avg. CV Score | gradient_boost Run 60: 0.61
[0.832979710913672, 0.6928292046936114, 0.569911802707713, 0.76927491869141, 0.50294746388547]
Avg. CV Score | gradient_boost Run 61: 0.67
[0.8517980107115531, 0.8693081017149615, 0.6473661506015435, 0.6334745762711864, 0.6775781769793746]
Avg. CV Score | gradient_boost Run 62: 0.74
[0.604015481373972, 0.7648667122351333, 0.6610746586274162, 0.839276236429433, 0.5813708111758251]
Avg. CV Score | gradient_boost Run 63: 0.69
[0.6535195699140833, 0.7187149794546134, 0.6106973595125254, 0.6907866861258886, 0.6951799327813756]
Avg. CV Score | gradient_boost Run 64: 0.67
[0.8235535494460402, 0.5160696680907, 0.8195574214991691, 0.908017974121596, 0.8753921611948212]
Avg. CV Score | gradient_boost Run 65: 0.79
[0.5248823802266251, 0.5615500565255621, 0.6665065334358186, 0.46598136370359416, 0.5584557875741171]
Avg. CV Score | gradient_boost Run 66: 0.56
[0.7701604043067458, 0.8829550321199143, 0.7861756432961767, 0.7996671289875174, 0.5430137495354886]
Avg. CV Score | gradient_boost Run 67: 0.76
[0.7479264921125386, 0.6010658968522734, 0.8471023427866831, 0.5678215997051235, 0.42130149062349737]
Avg. CV Score | gradient_boost Run 68: 0.64
[0.7935700046655639, 0.6797470798339608, 0.570028953294534, 0.4599148758024002, 0.5556337408743073]
Avg. CV Score | gradient_boost Run 69: 0.61
[0.8447054856115108, 0.49100366396231354, 0.7873259921047164, 0.5952094366875301, 0.4209441666984696]
Avg. CV Score | gradient_boost Run 70: 0.63
[0.7647801123099249, 0.49825082508250823, 0.5510311849092029, 0.36781705830425826, 0.7961538461538461]